{"/home/travis/build/npmtest/node-npmtest-stampit/test.js":{"path":"/home/travis/build/npmtest/node-npmtest-stampit/test.js","s":{"1":2,"2":2,"3":2,"4":2,"5":2,"6":2,"7":2,"8":1,"9":2,"10":2,"11":1,"12":1,"13":1,"14":1,"15":2,"16":2,"17":2,"18":2,"19":1,"20":1,"21":2,"22":2,"23":2,"24":1,"25":1,"26":1,"27":1,"28":1,"29":1,"30":1,"31":1,"32":1,"33":1,"34":1,"35":1,"36":1,"37":2,"38":2,"39":1,"40":2,"41":2,"42":1,"43":2,"44":2,"45":1,"46":2,"47":2,"48":1,"49":1,"50":1,"51":1,"52":1},"b":{"1":[2,1,1,1],"2":[1,1,1,1],"3":[1,1],"4":[1,1],"5":[1,1],"6":[1,1],"7":[1,1],"8":[1,1],"9":[1,1,1],"10":[1,1],"11":[1,1],"12":[1,1],"13":[1,1],"14":[1,1],"15":[1,1],"16":[1,1]},"f":{"1":2,"2":2,"3":2,"4":2,"5":2,"6":1,"7":1,"8":2,"9":2,"10":2,"11":2,"12":1},"fnMap":{"1":{"name":"(anonymous_1)","line":12,"loc":{"start":{"line":12,"column":1},"end":{"line":12,"column":13}}},"2":{"name":"(anonymous_2)","line":19,"loc":{"start":{"line":19,"column":5},"end":{"line":19,"column":17}}},"3":{"name":"(anonymous_3)","line":23,"loc":{"start":{"line":23,"column":24},"end":{"line":23,"column":36}}},"4":{"name":"(anonymous_4)","line":61,"loc":{"start":{"line":61,"column":5},"end":{"line":61,"column":17}}},"5":{"name":"(anonymous_5)","line":82,"loc":{"start":{"line":82,"column":5},"end":{"line":82,"column":17}}},"6":{"name":"(anonymous_6)","line":102,"loc":{"start":{"line":102,"column":83},"end":{"line":105,"column":10}},"skip":true},"7":{"name":"(anonymous_7)","line":113,"loc":{"start":{"line":113,"column":77},"end":{"line":116,"column":10}},"skip":true},"8":{"name":"(anonymous_8)","line":129,"loc":{"start":{"line":129,"column":12},"end":{"line":129,"column":40}},"skip":true},"9":{"name":"(anonymous_9)","line":137,"loc":{"start":{"line":137,"column":77},"end":{"line":140,"column":10}},"skip":true},"10":{"name":"(anonymous_10)","line":148,"loc":{"start":{"line":148,"column":83},"end":{"line":151,"column":10}},"skip":true},"11":{"name":"(anonymous_11)","line":159,"loc":{"start":{"line":159,"column":79},"end":{"line":162,"column":10}},"skip":true},"12":{"name":"(anonymous_12)","line":170,"loc":{"start":{"line":170,"column":75},"end":{"line":173,"column":10}},"skip":true}},"statementMap":{"1":{"start":{"line":12,"column":0},"end":{"line":185,"column":5}},"2":{"start":{"line":14,"column":4},"end":{"line":14,"column":14}},"3":{"start":{"line":19,"column":4},"end":{"line":56,"column":9}},"4":{"start":{"line":21,"column":8},"end":{"line":21,"column":19}},"5":{"start":{"line":23,"column":8},"end":{"line":35,"column":13}},"6":{"start":{"line":24,"column":12},"end":{"line":34,"column":13}},"7":{"start":{"line":25,"column":16},"end":{"line":28,"column":30}},"8":{"start":{"line":30,"column":16},"end":{"line":33,"column":27}},"9":{"start":{"line":37,"column":8},"end":{"line":39,"column":21}},"10":{"start":{"line":40,"column":8},"end":{"line":53,"column":9}},"11":{"start":{"line":43,"column":12},"end":{"line":46,"column":14}},"12":{"start":{"line":47,"column":12},"end":{"line":47,"column":18}},"13":{"start":{"line":50,"column":12},"end":{"line":51,"column":46}},"14":{"start":{"line":52,"column":12},"end":{"line":52,"column":18}},"15":{"start":{"line":55,"column":8},"end":{"line":55,"column":35}},"16":{"start":{"line":61,"column":4},"end":{"line":63,"column":9}},"17":{"start":{"line":62,"column":8},"end":{"line":62,"column":15}},"18":{"start":{"line":64,"column":4},"end":{"line":77,"column":5}},"19":{"start":{"line":70,"column":8},"end":{"line":70,"column":14}},"20":{"start":{"line":76,"column":8},"end":{"line":76,"column":14}},"21":{"start":{"line":82,"column":4},"end":{"line":84,"column":9}},"22":{"start":{"line":83,"column":8},"end":{"line":83,"column":15}},"23":{"start":{"line":85,"column":4},"end":{"line":184,"column":5}},"24":{"start":{"line":92,"column":8},"end":{"line":94,"column":63}},"25":{"start":{"line":95,"column":8},"end":{"line":95,"column":14}},"26":{"start":{"line":102,"column":8},"end":{"line":111,"column":10},"skip":true},"27":{"start":{"line":109,"column":12},"end":{"line":109,"column":55},"skip":true},"28":{"start":{"line":110,"column":12},"end":{"line":110,"column":48},"skip":true},"29":{"start":{"line":113,"column":8},"end":{"line":126,"column":10},"skip":true},"30":{"start":{"line":120,"column":12},"end":{"line":120,"column":76},"skip":true},"31":{"start":{"line":121,"column":12},"end":{"line":121,"column":73},"skip":true},"32":{"start":{"line":122,"column":12},"end":{"line":122,"column":74},"skip":true},"33":{"start":{"line":123,"column":12},"end":{"line":123,"column":79},"skip":true},"34":{"start":{"line":124,"column":12},"end":{"line":124,"column":25},"skip":true},"35":{"start":{"line":125,"column":12},"end":{"line":125,"column":45},"skip":true},"36":{"start":{"line":128,"column":8},"end":{"line":135,"column":14},"skip":true},"37":{"start":{"line":133,"column":16},"end":{"line":133,"column":29},"skip":true},"38":{"start":{"line":134,"column":16},"end":{"line":134,"column":55},"skip":true},"39":{"start":{"line":137,"column":8},"end":{"line":146,"column":10},"skip":true},"40":{"start":{"line":144,"column":12},"end":{"line":144,"column":25},"skip":true},"41":{"start":{"line":145,"column":12},"end":{"line":145,"column":45},"skip":true},"42":{"start":{"line":148,"column":8},"end":{"line":157,"column":10},"skip":true},"43":{"start":{"line":155,"column":12},"end":{"line":155,"column":25},"skip":true},"44":{"start":{"line":156,"column":12},"end":{"line":156,"column":48},"skip":true},"45":{"start":{"line":159,"column":8},"end":{"line":168,"column":10},"skip":true},"46":{"start":{"line":166,"column":12},"end":{"line":166,"column":25},"skip":true},"47":{"start":{"line":167,"column":12},"end":{"line":167,"column":46},"skip":true},"48":{"start":{"line":170,"column":8},"end":{"line":179,"column":10},"skip":true},"49":{"start":{"line":177,"column":12},"end":{"line":177,"column":94},"skip":true},"50":{"start":{"line":178,"column":12},"end":{"line":178,"column":48},"skip":true},"51":{"start":{"line":182,"column":8},"end":{"line":182,"column":35},"skip":true},"52":{"start":{"line":183,"column":8},"end":{"line":183,"column":14},"skip":true}},"branchMap":{"1":{"line":25,"type":"binary-expr","locations":[{"start":{"line":25,"column":23},"end":{"line":25,"column":62}},{"start":{"line":26,"column":20},"end":{"line":26,"column":70}},{"start":{"line":27,"column":20},"end":{"line":27,"column":71}},{"start":{"line":28,"column":20},"end":{"line":28,"column":29}}]},"2":{"line":30,"type":"binary-expr","locations":[{"start":{"line":30,"column":23},"end":{"line":30,"column":37}},{"start":{"line":31,"column":20},"end":{"line":31,"column":61}},{"start":{"line":32,"column":20},"end":{"line":32,"column":70}},{"start":{"line":33,"column":20},"end":{"line":33,"column":26}}]},"3":{"line":37,"type":"cond-expr","locations":[{"start":{"line":38,"column":14},"end":{"line":38,"column":20}},{"start":{"line":39,"column":14},"end":{"line":39,"column":20}}]},"4":{"line":40,"type":"switch","locations":[{"start":{"line":42,"column":8},"end":{"line":47,"column":18}},{"start":{"line":49,"column":8},"end":{"line":52,"column":18}}]},"5":{"line":44,"type":"binary-expr","locations":[{"start":{"line":44,"column":16},"end":{"line":44,"column":44}},{"start":{"line":44,"column":48},"end":{"line":44,"column":66}}]},"6":{"line":50,"type":"binary-expr","locations":[{"start":{"line":50,"column":21},"end":{"line":50,"column":49}},{"start":{"line":50,"column":53},"end":{"line":50,"column":72}}]},"7":{"line":64,"type":"switch","locations":[{"start":{"line":69,"column":4},"end":{"line":70,"column":14}},{"start":{"line":75,"column":4},"end":{"line":76,"column":14}}]},"8":{"line":85,"type":"switch","locations":[{"start":{"line":90,"column":4},"end":{"line":95,"column":14}},{"start":{"line":101,"column":4},"end":{"line":183,"column":14},"skip":true}]},"9":{"line":92,"type":"binary-expr","locations":[{"start":{"line":92,"column":18},"end":{"line":92,"column":32}},{"start":{"line":93,"column":12},"end":{"line":93,"column":53}},{"start":{"line":94,"column":12},"end":{"line":94,"column":61}}]},"10":{"line":102,"type":"binary-expr","locations":[{"start":{"line":102,"column":45},"end":{"line":102,"column":79},"skip":true},{"start":{"line":102,"column":83},"end":{"line":111,"column":9},"skip":true}]},"11":{"line":113,"type":"binary-expr","locations":[{"start":{"line":113,"column":42},"end":{"line":113,"column":73},"skip":true},{"start":{"line":113,"column":77},"end":{"line":126,"column":9},"skip":true}]},"12":{"line":128,"type":"binary-expr","locations":[{"start":{"line":128,"column":48},"end":{"line":128,"column":85},"skip":true},{"start":{"line":129,"column":12},"end":{"line":135,"column":13},"skip":true}]},"13":{"line":137,"type":"binary-expr","locations":[{"start":{"line":137,"column":42},"end":{"line":137,"column":73},"skip":true},{"start":{"line":137,"column":77},"end":{"line":146,"column":9},"skip":true}]},"14":{"line":148,"type":"binary-expr","locations":[{"start":{"line":148,"column":45},"end":{"line":148,"column":79},"skip":true},{"start":{"line":148,"column":83},"end":{"line":157,"column":9},"skip":true}]},"15":{"line":159,"type":"binary-expr","locations":[{"start":{"line":159,"column":43},"end":{"line":159,"column":75},"skip":true},{"start":{"line":159,"column":79},"end":{"line":168,"column":9},"skip":true}]},"16":{"line":170,"type":"binary-expr","locations":[{"start":{"line":170,"column":41},"end":{"line":170,"column":71},"skip":true},{"start":{"line":170,"column":75},"end":{"line":179,"column":9},"skip":true}]}},"code":["/* istanbul instrument in package npmtest_stampit */","/*jslint","    bitwise: true,","    browser: true,","    maxerr: 8,","    maxlen: 96,","    node: true,","    nomen: true,","    regexp: true,","    stupid: true","*/","(function () {","    'use strict';","    var local;","","","","    // run shared js-env code - pre-init","    (function () {","        // init local","        local = {};","        // init modeJs","        local.modeJs = (function () {","            try {","                return typeof navigator.userAgent === 'string' &&","                    typeof document.querySelector('body') === 'object' &&","                    typeof XMLHttpRequest.prototype.open === 'function' &&","                    'browser';","            } catch (errorCaughtBrowser) {","                return module.exports &&","                    typeof process.versions.node === 'string' &&","                    typeof require('http').createServer === 'function' &&","                    'node';","            }","        }());","        // init global","        local.global = local.modeJs === 'browser'","            ? window","            : global;","        switch (local.modeJs) {","        // re-init local from window.local","        case 'browser':","            local = local.global.utility2.objectSetDefault(","                local.global.utility2_rollup || local.global.local,","                local.global.utility2","            );","            break;","        // re-init local from example.js","        case 'node':","            local = (local.global.utility2_rollup || require('utility2'))","                .requireExampleJsFromReadme();","            break;","        }","        // export local","        local.global.local = local;","    }());","","","","    // run shared js-env code - function","    (function () {","        return;","    }());","    switch (local.modeJs) {","","","","    // run browser js-env code - function","    case 'browser':","        break;","","","","    // run node js-env code - function","    case 'node':","        break;","    }","","","","    // run shared js-env code - post-init","    (function () {","        return;","    }());","    switch (local.modeJs) {","","","","    // run browser js-env code - post-init","    case 'browser':","        // run tests","        local.nop(local.modeTest &&","            document.querySelector('#testRunButton1') &&","            document.querySelector('#testRunButton1').click());","        break;","","","","    // run node js-env code - post-init","    /* istanbul ignore next */","    case 'node':","        local.testCase_buildApidoc_default = local.testCase_buildApidoc_default || function (","            options,","            onError","        ) {","        /*","         * this function will test buildApidoc's default handling-behavior-behavior","         */","            options = { modulePathList: module.paths };","            local.buildApidoc(options, onError);","        };","","        local.testCase_buildApp_default = local.testCase_buildApp_default || function (","            options,","            onError","        ) {","        /*","         * this function will test buildApp's default handling-behavior-behavior","         */","            local.testCase_buildReadme_default(options, local.onErrorThrow);","            local.testCase_buildLib_default(options, local.onErrorThrow);","            local.testCase_buildTest_default(options, local.onErrorThrow);","            local.testCase_buildCustomOrg_default(options, local.onErrorThrow);","            options = [];","            local.buildApp(options, onError);","        };","","        local.testCase_buildCustomOrg_default = local.testCase_buildCustomOrg_default ||","            function (options, onError) {","            /*","             * this function will test buildCustomOrg's default handling-behavior","             */","                options = {};","                local.buildCustomOrg(options, onError);","            };","","        local.testCase_buildLib_default = local.testCase_buildLib_default || function (","            options,","            onError","        ) {","        /*","         * this function will test buildLib's default handling-behavior","         */","            options = {};","            local.buildLib(options, onError);","        };","","        local.testCase_buildReadme_default = local.testCase_buildReadme_default || function (","            options,","            onError","        ) {","        /*","         * this function will test buildReadme's default handling-behavior-behavior","         */","            options = {};","            local.buildReadme(options, onError);","        };","","        local.testCase_buildTest_default = local.testCase_buildTest_default || function (","            options,","            onError","        ) {","        /*","         * this function will test buildTest's default handling-behavior","         */","            options = {};","            local.buildTest(options, onError);","        };","","        local.testCase_webpage_default = local.testCase_webpage_default || function (","            options,","            onError","        ) {","        /*","         * this function will test webpage's default handling-behavior","         */","            options = { modeCoverageMerge: true, url: local.serverLocalHost + '?modeTest=1' };","            local.browserTest(options, onError);","        };","","        // run test-server","        local.testRunServer(local);","        break;","    }","}());",""],"l":{"12":2,"14":2,"19":2,"21":2,"23":2,"24":2,"25":2,"30":1,"37":2,"40":2,"43":1,"47":1,"50":1,"52":1,"55":2,"61":2,"62":2,"64":2,"70":1,"76":1,"82":2,"83":2,"85":2,"92":1,"95":1,"102":1,"109":1,"110":1,"113":1,"120":1,"121":1,"122":1,"123":1,"124":1,"125":1,"128":1,"133":2,"134":2,"137":1,"144":2,"145":2,"148":1,"155":2,"156":2,"159":1,"166":2,"167":2,"170":1,"177":1,"178":1,"182":1,"183":1}},"/home/travis/build/npmtest/node-npmtest-stampit/lib.npmtest_stampit.js":{"path":"/home/travis/build/npmtest/node-npmtest-stampit/lib.npmtest_stampit.js","s":{"1":2,"2":2,"3":2,"4":2,"5":2,"6":2,"7":2,"8":1,"9":2,"10":2,"11":2,"12":2,"13":1,"14":1,"15":1,"16":1},"b":{"1":[2,1,1,1],"2":[1,1,1,1],"3":[1,1],"4":[2,2],"5":[1,1]},"f":{"1":2,"2":2,"3":2},"fnMap":{"1":{"name":"(anonymous_1)","line":12,"loc":{"start":{"line":12,"column":1},"end":{"line":12,"column":13}}},"2":{"name":"(anonymous_2)","line":19,"loc":{"start":{"line":19,"column":5},"end":{"line":19,"column":17}}},"3":{"name":"(anonymous_3)","line":23,"loc":{"start":{"line":23,"column":24},"end":{"line":23,"column":36}}}},"statementMap":{"1":{"start":{"line":12,"column":0},"end":{"line":53,"column":5}},"2":{"start":{"line":14,"column":4},"end":{"line":14,"column":14}},"3":{"start":{"line":19,"column":4},"end":{"line":52,"column":9}},"4":{"start":{"line":21,"column":8},"end":{"line":21,"column":19}},"5":{"start":{"line":23,"column":8},"end":{"line":35,"column":13}},"6":{"start":{"line":24,"column":12},"end":{"line":34,"column":13}},"7":{"start":{"line":25,"column":16},"end":{"line":28,"column":30}},"8":{"start":{"line":30,"column":16},"end":{"line":33,"column":27}},"9":{"start":{"line":37,"column":8},"end":{"line":39,"column":21}},"10":{"start":{"line":41,"column":8},"end":{"line":41,"column":54}},"11":{"start":{"line":43,"column":8},"end":{"line":43,"column":52}},"12":{"start":{"line":45,"column":8},"end":{"line":51,"column":9}},"13":{"start":{"line":46,"column":12},"end":{"line":46,"column":58}},"14":{"start":{"line":48,"column":12},"end":{"line":48,"column":35}},"15":{"start":{"line":49,"column":12},"end":{"line":49,"column":49}},"16":{"start":{"line":50,"column":12},"end":{"line":50,"column":43}}},"branchMap":{"1":{"line":25,"type":"binary-expr","locations":[{"start":{"line":25,"column":23},"end":{"line":25,"column":62}},{"start":{"line":26,"column":20},"end":{"line":26,"column":70}},{"start":{"line":27,"column":20},"end":{"line":27,"column":71}},{"start":{"line":28,"column":20},"end":{"line":28,"column":29}}]},"2":{"line":30,"type":"binary-expr","locations":[{"start":{"line":30,"column":23},"end":{"line":30,"column":37}},{"start":{"line":31,"column":20},"end":{"line":31,"column":61}},{"start":{"line":32,"column":20},"end":{"line":32,"column":70}},{"start":{"line":33,"column":20},"end":{"line":33,"column":26}}]},"3":{"line":37,"type":"cond-expr","locations":[{"start":{"line":38,"column":14},"end":{"line":38,"column":20}},{"start":{"line":39,"column":14},"end":{"line":39,"column":20}}]},"4":{"line":41,"type":"binary-expr","locations":[{"start":{"line":41,"column":16},"end":{"line":41,"column":44}},{"start":{"line":41,"column":48},"end":{"line":41,"column":53}}]},"5":{"line":45,"type":"if","locations":[{"start":{"line":45,"column":8},"end":{"line":45,"column":8}},{"start":{"line":45,"column":8},"end":{"line":45,"column":8}}]}},"code":["/* istanbul instrument in package npmtest_stampit */","/*jslint","    bitwise: true,","    browser: true,","    maxerr: 8,","    maxlen: 96,","    node: true,","    nomen: true,","    regexp: true,","    stupid: true","*/","(function () {","    'use strict';","    var local;","","","","    // run shared js-env code - pre-init","    (function () {","        // init local","        local = {};","        // init modeJs","        local.modeJs = (function () {","            try {","                return typeof navigator.userAgent === 'string' &&","                    typeof document.querySelector('body') === 'object' &&","                    typeof XMLHttpRequest.prototype.open === 'function' &&","                    'browser';","            } catch (errorCaughtBrowser) {","                return module.exports &&","                    typeof process.versions.node === 'string' &&","                    typeof require('http').createServer === 'function' &&","                    'node';","            }","        }());","        // init global","        local.global = local.modeJs === 'browser'","            ? window","            : global;","        // init utility2_rollup","        local = local.global.utility2_rollup || local;","        // init lib","        local.local = local.npmtest_stampit = local;","        // init exports","        if (local.modeJs === 'browser') {","            local.global.utility2_npmtest_stampit = local;","        } else {","            module.exports = local;","            module.exports.__dirname = __dirname;","            module.exports.module = module;","        }","    }());","}());",""],"l":{"12":2,"14":2,"19":2,"21":2,"23":2,"24":2,"25":2,"30":1,"37":2,"41":2,"43":2,"45":2,"46":1,"48":1,"49":1,"50":1}},"/home/travis/build/npmtest/node-npmtest-stampit/example.js":{"path":"/home/travis/build/npmtest/node-npmtest-stampit/example.js","s":{"1":2,"2":2,"3":2,"4":2,"5":2,"6":2,"7":2,"8":1,"9":2,"10":2,"11":2,"12":2,"13":1,"14":2,"15":2,"16":2,"17":2,"18":2,"19":0,"20":2,"21":1,"22":1,"23":1,"24":1,"25":1,"26":0,"27":0,"28":1,"29":1,"30":2,"31":0,"32":0,"33":0,"34":1,"35":2,"36":2,"37":2,"38":2,"39":2,"40":2,"41":0,"42":2,"43":2,"44":2,"45":1,"46":3,"47":1,"48":1,"49":1,"50":1,"51":1,"52":1,"53":1,"54":1,"55":1,"56":1,"57":0,"58":1,"59":6,"60":6,"61":1,"62":2,"63":0,"64":2,"65":1,"66":1,"67":0,"68":0,"69":0,"70":0,"71":0,"72":0,"73":0,"74":0,"75":0,"76":0,"77":0,"78":0,"79":0,"80":0,"81":0,"82":0,"83":0},"b":{"1":[2,1,1,1],"2":[1,1,1,1],"3":[1,1],"4":[2,2],"5":[1,1],"6":[1,1],"7":[2,0],"8":[2,1,1,1,1,1],"9":[0,2,0],"10":[1,1],"11":[2,1,1],"12":[1,0],"13":[0,2],"14":[2,0,0,0,0,0,0],"15":[0,2],"16":[2,0],"17":[1,1],"18":[0,1],"19":[1,2,0,2],"20":[1,0],"21":[1,1],"22":[0,0],"23":[0,0],"24":[0,0],"25":[0,0],"26":[0,0],"27":[0,0],"28":[0,0]},"f":{"1":2,"2":2,"3":2,"4":2,"5":2,"6":2,"7":2,"8":2,"9":3,"10":1,"11":6,"12":0},"fnMap":{"1":{"name":"(anonymous_1)","line":26,"loc":{"start":{"line":26,"column":1},"end":{"line":26,"column":13}}},"2":{"name":"(anonymous_2)","line":33,"loc":{"start":{"line":33,"column":5},"end":{"line":33,"column":17}}},"3":{"name":"(anonymous_3)","line":37,"loc":{"start":{"line":37,"column":24},"end":{"line":37,"column":36}}},"4":{"name":"(anonymous_4)","line":69,"loc":{"start":{"line":69,"column":31},"end":{"line":69,"column":48}},"skip":true},"5":{"name":"(anonymous_5)","line":78,"loc":{"start":{"line":78,"column":26},"end":{"line":78,"column":45}},"skip":true},"6":{"name":"(anonymous_6)","line":123,"loc":{"start":{"line":123,"column":33},"end":{"line":123,"column":48}},"skip":true},"7":{"name":"(anonymous_7)","line":125,"loc":{"start":{"line":125,"column":27},"end":{"line":125,"column":39}},"skip":true},"8":{"name":"(anonymous_8)","line":133,"loc":{"start":{"line":133,"column":59},"end":{"line":133,"column":74}},"skip":true},"9":{"name":"(anonymous_9)","line":143,"loc":{"start":{"line":143,"column":45},"end":{"line":143,"column":62}},"skip":true},"10":{"name":"(anonymous_10)","line":144,"loc":{"start":{"line":144,"column":73},"end":{"line":144,"column":92}},"skip":true},"11":{"name":"(anonymous_11)","line":272,"loc":{"start":{"line":272,"column":51},"end":{"line":272,"column":77}},"skip":true},"12":{"name":"(anonymous_12)","line":314,"loc":{"start":{"line":314,"column":32},"end":{"line":314,"column":61}},"skip":true}},"statementMap":{"1":{"start":{"line":26,"column":0},"end":{"line":325,"column":5}},"2":{"start":{"line":28,"column":4},"end":{"line":28,"column":14}},"3":{"start":{"line":33,"column":4},"end":{"line":60,"column":9}},"4":{"start":{"line":35,"column":8},"end":{"line":35,"column":19}},"5":{"start":{"line":37,"column":8},"end":{"line":49,"column":13}},"6":{"start":{"line":38,"column":12},"end":{"line":48,"column":13}},"7":{"start":{"line":39,"column":16},"end":{"line":42,"column":30}},"8":{"start":{"line":44,"column":16},"end":{"line":47,"column":27}},"9":{"start":{"line":51,"column":8},"end":{"line":53,"column":21}},"10":{"start":{"line":55,"column":8},"end":{"line":57,"column":45}},"11":{"start":{"line":59,"column":8},"end":{"line":59,"column":35}},"12":{"start":{"line":61,"column":4},"end":{"line":324,"column":5}},"13":{"start":{"line":69,"column":8},"end":{"line":121,"column":10},"skip":true},"14":{"start":{"line":70,"column":12},"end":{"line":88,"column":13},"skip":true},"15":{"start":{"line":76,"column":16},"end":{"line":87,"column":19},"skip":true},"16":{"start":{"line":79,"column":20},"end":{"line":86,"column":21},"skip":true},"17":{"start":{"line":82,"column":24},"end":{"line":82,"column":43},"skip":true},"18":{"start":{"line":83,"column":24},"end":{"line":83,"column":30},"skip":true},"19":{"start":{"line":85,"column":24},"end":{"line":85,"column":49},"skip":true},"20":{"start":{"line":89,"column":12},"end":{"line":107,"column":13},"skip":true},"21":{"start":{"line":92,"column":16},"end":{"line":102,"column":17},"skip":true},"22":{"start":{"line":93,"column":20},"end":{"line":93,"column":86},"skip":true},"23":{"start":{"line":94,"column":20},"end":{"line":95,"column":45},"skip":true},"24":{"start":{"line":96,"column":20},"end":{"line":96,"column":42},"skip":true},"25":{"start":{"line":97,"column":20},"end":{"line":97,"column":48},"skip":true},"26":{"start":{"line":100,"column":20},"end":{"line":100,"column":85},"skip":true},"27":{"start":{"line":101,"column":20},"end":{"line":101,"column":96},"skip":true},"28":{"start":{"line":103,"column":16},"end":{"line":103,"column":22},"skip":true},"29":{"start":{"line":106,"column":16},"end":{"line":106,"column":22},"skip":true},"30":{"start":{"line":108,"column":12},"end":{"line":120,"column":13},"skip":true},"31":{"start":{"line":114,"column":16},"end":{"line":119,"column":17},"skip":true},"32":{"start":{"line":116,"column":20},"end":{"line":116,"column":78},"skip":true},"33":{"start":{"line":118,"column":20},"end":{"line":118,"column":47},"skip":true},"34":{"start":{"line":123,"column":8},"end":{"line":141,"column":11},"skip":true},"35":{"start":{"line":124,"column":12},"end":{"line":124,"column":54},"skip":true},"36":{"start":{"line":125,"column":12},"end":{"line":140,"column":14},"skip":true},"37":{"start":{"line":126,"column":16},"end":{"line":126,"column":28},"skip":true},"38":{"start":{"line":127,"column":16},"end":{"line":127,"column":69},"skip":true},"39":{"start":{"line":128,"column":16},"end":{"line":128,"column":75},"skip":true},"40":{"start":{"line":129,"column":16},"end":{"line":131,"column":17},"skip":true},"41":{"start":{"line":130,"column":20},"end":{"line":130,"column":27},"skip":true},"42":{"start":{"line":133,"column":16},"end":{"line":137,"column":36},"skip":true},"43":{"start":{"line":134,"column":20},"end":{"line":136,"column":55},"skip":true},"44":{"start":{"line":139,"column":16},"end":{"line":139,"column":57},"skip":true},"45":{"start":{"line":143,"column":8},"end":{"line":147,"column":11},"skip":true},"46":{"start":{"line":144,"column":12},"end":{"line":146,"column":15},"skip":true},"47":{"start":{"line":145,"column":16},"end":{"line":145,"column":70},"skip":true},"48":{"start":{"line":149,"column":8},"end":{"line":149,"column":31},"skip":true},"49":{"start":{"line":150,"column":8},"end":{"line":150,"column":14},"skip":true},"50":{"start":{"line":158,"column":8},"end":{"line":158,"column":31},"skip":true},"51":{"start":{"line":160,"column":8},"end":{"line":160,"column":33},"skip":true},"52":{"start":{"line":161,"column":8},"end":{"line":161,"column":37},"skip":true},"53":{"start":{"line":162,"column":8},"end":{"line":162,"column":35},"skip":true},"54":{"start":{"line":164,"column":8},"end":{"line":164,"column":50},"skip":true},"55":{"start":{"line":166,"column":8},"end":{"line":256,"column":2},"skip":true},"56":{"start":{"line":258,"column":8},"end":{"line":286,"column":9},"skip":true},"57":{"start":{"line":259,"column":12},"end":{"line":269,"column":14},"skip":true},"58":{"start":{"line":271,"column":12},"end":{"line":285,"column":19},"skip":true},"59":{"start":{"line":274,"column":20},"end":{"line":274,"column":35},"skip":true},"60":{"start":{"line":275,"column":20},"end":{"line":284,"column":21},"skip":true},"61":{"start":{"line":277,"column":24},"end":{"line":277,"column":64},"skip":true},"62":{"start":{"line":279,"column":24},"end":{"line":279,"column":40},"skip":true},"63":{"start":{"line":281,"column":24},"end":{"line":281,"column":40},"skip":true},"64":{"start":{"line":283,"column":24},"end":{"line":283,"column":39},"skip":true},"65":{"start":{"line":288,"column":8},"end":{"line":290,"column":9},"skip":true},"66":{"start":{"line":289,"column":12},"end":{"line":289,"column":18},"skip":true},"67":{"start":{"line":291,"column":8},"end":{"line":293,"column":54},"skip":true},"68":{"start":{"line":294,"column":8},"end":{"line":301,"column":37},"skip":true},"69":{"start":{"line":302,"column":8},"end":{"line":302,"column":82},"skip":true},"70":{"start":{"line":305,"column":8},"end":{"line":307,"column":9},"skip":true},"71":{"start":{"line":306,"column":12},"end":{"line":306,"column":82},"skip":true},"72":{"start":{"line":309,"column":8},"end":{"line":311,"column":9},"skip":true},"73":{"start":{"line":310,"column":12},"end":{"line":310,"column":18},"skip":true},"74":{"start":{"line":312,"column":8},"end":{"line":312,"column":54},"skip":true},"75":{"start":{"line":313,"column":8},"end":{"line":313,"column":69},"skip":true},"76":{"start":{"line":314,"column":8},"end":{"line":322,"column":36},"skip":true},"77":{"start":{"line":315,"column":12},"end":{"line":315,"column":61},"skip":true},"78":{"start":{"line":316,"column":12},"end":{"line":319,"column":13},"skip":true},"79":{"start":{"line":317,"column":16},"end":{"line":317,"column":75},"skip":true},"80":{"start":{"line":318,"column":16},"end":{"line":318,"column":23},"skip":true},"81":{"start":{"line":320,"column":12},"end":{"line":320,"column":38},"skip":true},"82":{"start":{"line":321,"column":12},"end":{"line":321,"column":27},"skip":true},"83":{"start":{"line":323,"column":8},"end":{"line":323,"column":14},"skip":true}},"branchMap":{"1":{"line":39,"type":"binary-expr","locations":[{"start":{"line":39,"column":23},"end":{"line":39,"column":62}},{"start":{"line":40,"column":20},"end":{"line":40,"column":70}},{"start":{"line":41,"column":20},"end":{"line":41,"column":71}},{"start":{"line":42,"column":20},"end":{"line":42,"column":29}}]},"2":{"line":44,"type":"binary-expr","locations":[{"start":{"line":44,"column":23},"end":{"line":44,"column":37}},{"start":{"line":45,"column":20},"end":{"line":45,"column":61}},{"start":{"line":46,"column":20},"end":{"line":46,"column":70}},{"start":{"line":47,"column":20},"end":{"line":47,"column":26}}]},"3":{"line":51,"type":"cond-expr","locations":[{"start":{"line":52,"column":14},"end":{"line":52,"column":20}},{"start":{"line":53,"column":14},"end":{"line":53,"column":20}}]},"4":{"line":55,"type":"binary-expr","locations":[{"start":{"line":55,"column":16},"end":{"line":55,"column":44}},{"start":{"line":55,"column":49},"end":{"line":57,"column":43}}]},"5":{"line":55,"type":"cond-expr","locations":[{"start":{"line":56,"column":14},"end":{"line":56,"column":51}},{"start":{"line":57,"column":14},"end":{"line":57,"column":43}}]},"6":{"line":61,"type":"switch","locations":[{"start":{"line":68,"column":4},"end":{"line":150,"column":14},"skip":true},{"start":{"line":156,"column":4},"end":{"line":323,"column":14},"skip":true}]},"7":{"line":70,"type":"if","locations":[{"start":{"line":70,"column":12},"end":{"line":70,"column":12},"skip":true},{"start":{"line":70,"column":12},"end":{"line":70,"column":12},"skip":true}]},"8":{"line":70,"type":"binary-expr","locations":[{"start":{"line":70,"column":16},"end":{"line":70,"column":22},"skip":true},{"start":{"line":70,"column":27},"end":{"line":70,"column":32},"skip":true},{"start":{"line":71,"column":20},"end":{"line":71,"column":39},"skip":true},{"start":{"line":72,"column":20},"end":{"line":72,"column":49},"skip":true},{"start":{"line":73,"column":20},"end":{"line":73,"column":58},"skip":true},{"start":{"line":74,"column":20},"end":{"line":74,"column":69},"skip":true}]},"9":{"line":79,"type":"switch","locations":[{"start":{"line":80,"column":20},"end":{"line":80,"column":33},"skip":true},{"start":{"line":81,"column":20},"end":{"line":83,"column":30},"skip":true},{"start":{"line":84,"column":20},"end":{"line":85,"column":49},"skip":true}]},"10":{"line":89,"type":"switch","locations":[{"start":{"line":90,"column":12},"end":{"line":103,"column":22},"skip":true},{"start":{"line":105,"column":12},"end":{"line":106,"column":22},"skip":true}]},"11":{"line":89,"type":"binary-expr","locations":[{"start":{"line":89,"column":20},"end":{"line":89,"column":25},"skip":true},{"start":{"line":89,"column":29},"end":{"line":89,"column":48},"skip":true},{"start":{"line":89,"column":52},"end":{"line":89,"column":74},"skip":true}]},"12":{"line":92,"type":"if","locations":[{"start":{"line":92,"column":16},"end":{"line":92,"column":16},"skip":true},{"start":{"line":92,"column":16},"end":{"line":92,"column":16},"skip":true}]},"13":{"line":108,"type":"if","locations":[{"start":{"line":108,"column":12},"end":{"line":108,"column":12},"skip":true},{"start":{"line":108,"column":12},"end":{"line":108,"column":12},"skip":true}]},"14":{"line":108,"type":"binary-expr","locations":[{"start":{"line":108,"column":16},"end":{"line":108,"column":61},"skip":true},{"start":{"line":108,"column":66},"end":{"line":108,"column":72},"skip":true},{"start":{"line":108,"column":77},"end":{"line":108,"column":82},"skip":true},{"start":{"line":109,"column":20},"end":{"line":109,"column":39},"skip":true},{"start":{"line":110,"column":20},"end":{"line":110,"column":49},"skip":true},{"start":{"line":111,"column":20},"end":{"line":111,"column":58},"skip":true},{"start":{"line":112,"column":20},"end":{"line":112,"column":68},"skip":true}]},"15":{"line":129,"type":"if","locations":[{"start":{"line":129,"column":16},"end":{"line":129,"column":16},"skip":true},{"start":{"line":129,"column":16},"end":{"line":129,"column":16},"skip":true}]},"16":{"line":134,"type":"cond-expr","locations":[{"start":{"line":135,"column":26},"end":{"line":135,"column":29},"skip":true},{"start":{"line":136,"column":26},"end":{"line":136,"column":54},"skip":true}]},"17":{"line":164,"type":"binary-expr","locations":[{"start":{"line":164,"column":27},"end":{"line":164,"column":43},"skip":true},{"start":{"line":164,"column":47},"end":{"line":164,"column":49},"skip":true}]},"18":{"line":258,"type":"if","locations":[{"start":{"line":258,"column":8},"end":{"line":258,"column":8},"skip":true},{"start":{"line":258,"column":8},"end":{"line":258,"column":8},"skip":true}]},"19":{"line":275,"type":"switch","locations":[{"start":{"line":276,"column":20},"end":{"line":277,"column":64},"skip":true},{"start":{"line":278,"column":20},"end":{"line":279,"column":40},"skip":true},{"start":{"line":280,"column":20},"end":{"line":281,"column":40},"skip":true},{"start":{"line":282,"column":20},"end":{"line":283,"column":39},"skip":true}]},"20":{"line":288,"type":"if","locations":[{"start":{"line":288,"column":8},"end":{"line":288,"column":8},"skip":true},{"start":{"line":288,"column":8},"end":{"line":288,"column":8},"skip":true}]},"21":{"line":288,"type":"binary-expr","locations":[{"start":{"line":288,"column":12},"end":{"line":288,"column":40},"skip":true},{"start":{"line":288,"column":44},"end":{"line":288,"column":67},"skip":true}]},"22":{"line":292,"type":"binary-expr","locations":[{"start":{"line":292,"column":12},"end":{"line":292,"column":50},"skip":true},{"start":{"line":293,"column":12},"end":{"line":293,"column":53},"skip":true}]},"23":{"line":295,"type":"binary-expr","locations":[{"start":{"line":295,"column":12},"end":{"line":295,"column":65},"skip":true},{"start":{"line":296,"column":12},"end":{"line":301,"column":36},"skip":true}]},"24":{"line":302,"type":"binary-expr","locations":[{"start":{"line":302,"column":43},"end":{"line":302,"column":75},"skip":true},{"start":{"line":302,"column":79},"end":{"line":302,"column":81},"skip":true}]},"25":{"line":305,"type":"if","locations":[{"start":{"line":305,"column":8},"end":{"line":305,"column":8},"skip":true},{"start":{"line":305,"column":8},"end":{"line":305,"column":8},"skip":true}]},"26":{"line":309,"type":"if","locations":[{"start":{"line":309,"column":8},"end":{"line":309,"column":8},"skip":true},{"start":{"line":309,"column":8},"end":{"line":309,"column":8},"skip":true}]},"27":{"line":312,"type":"binary-expr","locations":[{"start":{"line":312,"column":27},"end":{"line":312,"column":43},"skip":true},{"start":{"line":312,"column":47},"end":{"line":312,"column":53},"skip":true}]},"28":{"line":316,"type":"if","locations":[{"start":{"line":316,"column":12},"end":{"line":316,"column":12},"skip":true},{"start":{"line":316,"column":12},"end":{"line":316,"column":12},"skip":true}]}},"code":["/*","example.js","","quickstart example","","instruction","    1. save this script as example.js","    2. run the shell command:","        $ npm install npmtest-stampit && PORT=8081 node example.js","    3. play with the browser-demo on http://127.0.0.1:8081","*/","","","","/* istanbul instrument in package npmtest_stampit */","/*jslint","    bitwise: true,","    browser: true,","    maxerr: 8,","    maxlen: 96,","    node: true,","    nomen: true,","    regexp: true,","    stupid: true","*/","(function () {","    'use strict';","    var local;","","","","    // run shared js-env code - pre-init","    (function () {","        // init local","        local = {};","        // init modeJs","        local.modeJs = (function () {","            try {","                return typeof navigator.userAgent === 'string' &&","                    typeof document.querySelector('body') === 'object' &&","                    typeof XMLHttpRequest.prototype.open === 'function' &&","                    'browser';","            } catch (errorCaughtBrowser) {","                return module.exports &&","                    typeof process.versions.node === 'string' &&","                    typeof require('http').createServer === 'function' &&","                    'node';","            }","        }());","        // init global","        local.global = local.modeJs === 'browser'","            ? window","            : global;","        // init utility2_rollup","        local = local.global.utility2_rollup || (local.modeJs === 'browser'","            ? local.global.utility2_npmtest_stampit","            : global.utility2_moduleExports);","        // export local","        local.global.local = local;","    }());","    switch (local.modeJs) {","","","","    // post-init","    // run browser js-env code - post-init","    /* istanbul ignore next */","    case 'browser':","        local.testRunBrowser = function (event) {","            if (!event || (event &&","                    event.currentTarget &&","                    event.currentTarget.className &&","                    event.currentTarget.className.includes &&","                    event.currentTarget.className.includes('onreset'))) {","                // reset output","                Array.from(","                    document.querySelectorAll('body > .resettable')","                ).forEach(function (element) {","                    switch (element.tagName) {","                    case 'INPUT':","                    case 'TEXTAREA':","                        element.value = '';","                        break;","                    default:","                        element.textContent = '';","                    }","                });","            }","            switch (event && event.currentTarget && event.currentTarget.id) {","            case 'testRunButton1':","                // show tests","                if (document.querySelector('#testReportDiv1').style.display === 'none') {","                    document.querySelector('#testReportDiv1').style.display = 'block';","                    document.querySelector('#testRunButton1').textContent =","                        'hide internal test';","                    local.modeTest = true;","                    local.testRunDefault(local);","                // hide tests","                } else {","                    document.querySelector('#testReportDiv1').style.display = 'none';","                    document.querySelector('#testRunButton1').textContent = 'run internal test';","                }","                break;","            // custom-case","            default:","                break;","            }","            if (document.querySelector('#inputTextareaEval1') && (!event || (event &&","                    event.currentTarget &&","                    event.currentTarget.className &&","                    event.currentTarget.className.includes &&","                    event.currentTarget.className.includes('oneval')))) {","                // try to eval input-code","                try {","                    /*jslint evil: true*/","                    eval(document.querySelector('#inputTextareaEval1').value);","                } catch (errorCaught) {","                    console.error(errorCaught);","                }","            }","        };","        // log stderr and stdout to #outputTextareaStdout1","        ['error', 'log'].forEach(function (key) {","            console[key + '_original'] = console[key];","            console[key] = function () {","                var element;","                console[key + '_original'].apply(console, arguments);","                element = document.querySelector('#outputTextareaStdout1');","                if (!element) {","                    return;","                }","                // append text to #outputTextareaStdout1","                element.value += Array.from(arguments).map(function (arg) {","                    return typeof arg === 'string'","                        ? arg","                        : JSON.stringify(arg, null, 4);","                }).join(' ') + '\\n';","                // scroll textarea to bottom","                element.scrollTop = element.scrollHeight;","            };","        });","        // init event-handling","        ['change', 'click', 'keyup'].forEach(function (event) {","            Array.from(document.querySelectorAll('.on' + event)).forEach(function (element) {","                element.addEventListener(event, local.testRunBrowser);","            });","        });","        // run tests","        local.testRunBrowser();","        break;","","","","    // run node js-env code - post-init","    /* istanbul ignore next */","    case 'node':","        // export local","        module.exports = local;","        // require modules","        local.fs = require('fs');","        local.http = require('http');","        local.url = require('url');","        // init assets","        local.assetsDict = local.assetsDict || {};","        /* jslint-ignore-begin */","        local.assetsDict['/assets.index.template.html'] = '\\","<!doctype html>\\n\\","<html lang=\"en\">\\n\\","<head>\\n\\","<meta charset=\"UTF-8\">\\n\\","<meta name=\"viewport\" content=\"width=device-width, initial-scale=1\">\\n\\","<title>{{env.npm_package_name}} (v{{env.npm_package_version}})</title>\\n\\","<style>\\n\\","/*csslint\\n\\","    box-sizing: false,\\n\\","    universal-selector: false\\n\\","*/\\n\\","* {\\n\\","    box-sizing: border-box;\\n\\","}\\n\\","body {\\n\\","    background: #dde;\\n\\","    font-family: Arial, Helvetica, sans-serif;\\n\\","    margin: 2rem;\\n\\","}\\n\\","body > * {\\n\\","    margin-bottom: 1rem;\\n\\","}\\n\\",".utility2FooterDiv {\\n\\","    margin-top: 20px;\\n\\","    text-align: center;\\n\\","}\\n\\","</style>\\n\\","<style>\\n\\","/*csslint\\n\\","*/\\n\\","textarea {\\n\\","    font-family: monospace;\\n\\","    height: 10rem;\\n\\","    width: 100%;\\n\\","}\\n\\","textarea[readonly] {\\n\\","    background: #ddd;\\n\\","}\\n\\","</style>\\n\\","</head>\\n\\","<body>\\n\\","<!-- utility2-comment\\n\\","<div id=\"ajaxProgressDiv1\" style=\"background: #d00; height: 2px; left: 0; margin: 0; padding: 0; position: fixed; top: 0; transition: background 0.5s, width 1.5s; width: 25%;\"></div>\\n\\","utility2-comment -->\\n\\","<h1>\\n\\","<!-- utility2-comment\\n\\","    <a\\n\\","        {{#if env.npm_package_homepage}}\\n\\","        href=\"{{env.npm_package_homepage}}\"\\n\\","        {{/if env.npm_package_homepage}}\\n\\","        target=\"_blank\"\\n\\","    >\\n\\","utility2-comment -->\\n\\","        {{env.npm_package_name}} (v{{env.npm_package_version}})\\n\\","<!-- utility2-comment\\n\\","    </a>\\n\\","utility2-comment -->\\n\\","</h1>\\n\\","<h3>{{env.npm_package_description}}</h3>\\n\\","<!-- utility2-comment\\n\\","<h4><a download href=\"assets.app.js\">download standalone app</a></h4>\\n\\","<button class=\"onclick onreset\" id=\"testRunButton1\">run internal test</button><br>\\n\\","<div id=\"testReportDiv1\" style=\"display: none;\"></div>\\n\\","utility2-comment -->\\n\\","\\n\\","\\n\\","\\n\\","<label>stderr and stdout</label>\\n\\","<textarea class=\"resettable\" id=\"outputTextareaStdout1\" readonly></textarea>\\n\\","<!-- utility2-comment\\n\\","{{#if isRollup}}\\n\\","<script src=\"assets.app.js\"></script>\\n\\","{{#unless isRollup}}\\n\\","utility2-comment -->\\n\\","<script src=\"assets.utility2.rollup.js\"></script>\\n\\","<script src=\"jsonp.utility2._stateInit?callback=window.utility2._stateInit\"></script>\\n\\","<script src=\"assets.npmtest_stampit.rollup.js\"></script>\\n\\","<script src=\"assets.example.js\"></script>\\n\\","<script src=\"assets.test.js\"></script>\\n\\","<!-- utility2-comment\\n\\","{{/if isRollup}}\\n\\","utility2-comment -->\\n\\","<div class=\"utility2FooterDiv\">\\n\\","    [ this app was created with\\n\\","    <a href=\"https://github.com/kaizhu256/node-utility2\" target=\"_blank\">utility2</a>\\n\\","    ]\\n\\","</div>\\n\\","</body>\\n\\","</html>\\n\\","';","        /* jslint-ignore-end */","        if (local.templateRender) {","            local.assetsDict['/'] = local.templateRender(","                local.assetsDict['/assets.index.template.html'],","                {","                    env: local.objectSetDefault(local.env, {","                        npm_package_description: 'the greatest app in the world!',","                        npm_package_name: 'my-app',","                        npm_package_nameAlias: 'my_app',","                        npm_package_version: '0.0.1'","                    })","                }","            );","        } else {","            local.assetsDict['/'] = local.assetsDict['/assets.index.template.html']","                .replace((/\\{\\{env\\.(\\w+?)\\}\\}/g), function (match0, match1) {","                    // jslint-hack","                    String(match0);","                    switch (match1) {","                    case 'npm_package_description':","                        return 'the greatest app in the world!';","                    case 'npm_package_name':","                        return 'my-app';","                    case 'npm_package_nameAlias':","                        return 'my_app';","                    case 'npm_package_version':","                        return '0.0.1';","                    }","                });","        }","        // run the cli","        if (local.global.utility2_rollup || module !== require.main) {","            break;","        }","        local.assetsDict['/assets.example.js'] =","            local.assetsDict['/assets.example.js'] ||","            local.fs.readFileSync(__filename, 'utf8');","        local.assetsDict['/assets.npmtest_stampit.rollup.js'] =","            local.assetsDict['/assets.npmtest_stampit.rollup.js'] ||","            local.fs.readFileSync(","                // buildCustomOrg-hack","                local.npmtest_stampit.__dirname +","                    '/lib.npmtest_stampit.js',","                'utf8'","            ).replace((/^#!/), '//');","        local.assetsDict['/favicon.ico'] = local.assetsDict['/favicon.ico'] || '';","        // if $npm_config_timeout_exit exists,","        // then exit this process after $npm_config_timeout_exit ms","        if (Number(process.env.npm_config_timeout_exit)) {","            setTimeout(process.exit, Number(process.env.npm_config_timeout_exit));","        }","        // start server","        if (local.global.utility2_serverHttp1) {","            break;","        }","        process.env.PORT = process.env.PORT || '8081';","        console.error('server starting on port ' + process.env.PORT);","        local.http.createServer(function (request, response) {","            request.urlParsed = local.url.parse(request.url);","            if (local.assetsDict[request.urlParsed.pathname] !== undefined) {","                response.end(local.assetsDict[request.urlParsed.pathname]);","                return;","            }","            response.statusCode = 404;","            response.end();","        }).listen(process.env.PORT);","        break;","    }","}());",""],"l":{"26":2,"28":2,"33":2,"35":2,"37":2,"38":2,"39":2,"44":1,"51":2,"55":2,"59":2,"61":2,"69":1,"70":2,"76":2,"79":2,"82":2,"83":2,"85":1,"89":2,"92":1,"93":1,"94":1,"96":1,"97":1,"100":1,"101":1,"103":1,"106":1,"108":2,"114":1,"116":1,"118":1,"123":1,"124":2,"125":2,"126":2,"127":2,"128":2,"129":2,"130":1,"133":2,"134":2,"139":2,"143":1,"144":3,"145":1,"149":1,"150":1,"158":1,"160":1,"161":1,"162":1,"164":1,"166":1,"258":1,"259":1,"271":1,"274":6,"275":6,"277":1,"279":2,"281":1,"283":2,"288":1,"289":1,"291":1,"294":1,"302":1,"305":1,"306":1,"309":1,"310":1,"312":1,"313":1,"314":1,"315":1,"316":1,"317":1,"318":1,"320":1,"321":1,"323":1}},"/home/travis/build/npmtest/node-npmtest-stampit/node_modules/stampit/dist/stampit.full.js":{"path":"/home/travis/build/npmtest/node-npmtest-stampit/node_modules/stampit/dist/stampit.full.js","s":{"1":1,"2":1,"3":1,"4":1,"5":0,"6":0,"7":0,"8":0,"9":0,"10":0,"11":0,"12":0,"13":0,"14":0,"15":0,"16":0,"17":0,"18":0,"19":1,"20":1,"21":1,"22":1,"23":1,"24":1,"25":1,"26":1,"27":25,"28":25,"29":1,"30":1,"31":1,"32":0,"33":1,"34":1,"35":0,"36":0,"37":1,"38":2,"39":2,"40":0,"41":0,"42":0,"43":0,"44":0,"45":0,"46":0,"47":1,"48":18,"49":16,"50":2,"51":1,"52":2,"53":1,"54":6,"55":1,"56":12,"57":1,"58":0,"59":0,"60":0,"61":0,"62":0,"63":0,"64":0,"65":0,"66":0,"67":0,"68":0,"69":0,"70":0,"71":0,"72":0,"73":0,"74":0,"75":0,"76":0,"77":0,"78":0,"79":0,"80":0,"81":0,"82":0,"83":0,"84":0,"85":0,"86":0,"87":0,"88":0,"89":0,"90":0,"91":0,"92":0,"93":0,"94":0,"95":0,"96":0,"97":0,"98":0,"99":0,"100":0,"101":0,"102":0,"103":0,"104":0,"105":0,"106":0,"107":0,"108":0,"109":0,"110":0,"111":0,"112":0,"113":0,"114":0,"115":0,"116":0,"117":1,"118":1,"119":0,"120":0,"121":0,"122":0,"123":0,"124":0,"125":0,"126":0,"127":0,"128":0,"129":0,"130":0,"131":0,"132":0,"133":0,"134":0,"135":0,"136":0,"137":0,"138":1,"139":1,"140":1,"141":1,"142":1,"143":1,"144":1,"145":0,"146":0,"147":0,"148":0,"149":1,"150":1,"151":1,"152":2,"153":2,"154":0,"155":2,"156":2,"157":2,"158":2,"159":2,"160":2,"161":2,"162":2,"163":2,"164":2,"165":2,"166":1,"167":1,"168":1,"169":2,"170":1,"171":1,"172":1,"173":0,"174":1,"175":9,"176":0,"177":0,"178":0,"179":0,"180":0,"181":1,"182":1,"183":1,"184":0,"185":0,"186":0,"187":0,"188":1,"189":0,"190":0,"191":0,"192":0,"193":1,"194":1,"195":1,"196":1,"197":1,"198":1,"199":1,"200":1,"201":1,"202":0,"203":0,"204":0,"205":0,"206":1,"207":0,"208":0,"209":0,"210":0,"211":0,"212":0,"213":0,"214":0,"215":0,"216":0,"217":0,"218":0,"219":0,"220":0,"221":0,"222":0,"223":0,"224":0,"225":0,"226":0,"227":0,"228":1,"229":1,"230":1,"231":1,"232":1,"233":1,"234":1,"235":1,"236":1,"237":1,"238":1,"239":1,"240":1,"241":1,"242":1,"243":1,"244":1,"245":1,"246":1,"247":1,"248":1,"249":1,"250":1,"251":1,"252":1},"b":{"1":[1,0],"2":[0,0],"3":[0,0],"4":[0,0],"5":[0,0],"6":[0,0],"7":[0,0],"8":[0,0],"9":[25,7,0],"10":[0,0,0],"11":[0,0],"12":[2,0],"13":[0,0],"14":[0,0],"15":[0,0],"16":[16,2],"17":[1,1],"18":[0,0],"19":[0,0],"20":[0,0,0],"21":[0,0],"22":[0,0],"23":[0,0],"24":[0,0],"25":[0,0],"26":[0,0],"27":[0,0],"28":[0,0],"29":[0,0],"30":[0,0],"31":[0,0],"32":[0,0],"33":[0,0],"34":[0,0],"35":[0,0],"36":[0,0],"37":[0,0],"38":[0,0],"39":[0,0],"40":[0,0],"41":[0,0],"42":[0,0],"43":[0,0],"44":[0,0],"45":[0,0],"46":[0,0],"47":[0,0],"48":[0,0],"49":[0,0],"50":[0,0],"51":[1,1],"52":[1,0],"53":[2,2,2],"54":[0,2],"55":[0,0],"56":[0,0,0],"57":[0,0,0],"58":[0,0,0],"59":[0,0],"60":[0,0],"61":[0,0],"62":[0,0],"63":[0,0],"64":[0,0],"65":[0,0],"66":[0,0],"67":[0,0]},"f":{"1":1,"2":1,"3":1,"4":25,"5":0,"6":0,"7":2,"8":18,"9":6,"10":12,"11":0,"12":1,"13":0,"14":1,"15":0,"16":2,"17":1,"18":0,"19":9,"20":0,"21":0,"22":0,"23":0,"24":0,"25":0},"fnMap":{"1":{"name":"mergeOne","line":12,"loc":{"start":{"line":12,"column":0},"end":{"line":12,"column":28}}},"2":{"name":"(anonymous_2)","line":45,"loc":{"start":{"line":45,"column":12},"end":{"line":45,"column":27}}},"3":{"name":"isFunction","line":52,"loc":{"start":{"line":52,"column":0},"end":{"line":52,"column":25}}},"4":{"name":"isObject","line":56,"loc":{"start":{"line":56,"column":0},"end":{"line":56,"column":23}}},"5":{"name":"isPlainObject","line":64,"loc":{"start":{"line":64,"column":0},"end":{"line":64,"column":30}}},"6":{"name":"extractFunctions","line":71,"loc":{"start":{"line":71,"column":0},"end":{"line":71,"column":28}}},"7":{"name":"concatAssignFunctions","line":76,"loc":{"start":{"line":76,"column":0},"end":{"line":76,"column":62}}},"8":{"name":"combineProperties","line":91,"loc":{"start":{"line":91,"column":0},"end":{"line":91,"column":67}}},"9":{"name":"deepMergeAssign","line":97,"loc":{"start":{"line":97,"column":0},"end":{"line":97,"column":57}}},"10":{"name":"mergeAssign","line":100,"loc":{"start":{"line":100,"column":0},"end":{"line":100,"column":53}}},"11":{"name":"(anonymous_11)","line":127,"loc":{"start":{"line":127,"column":28},"end":{"line":127,"column":43}}},"12":{"name":"createFactory","line":196,"loc":{"start":{"line":196,"column":0},"end":{"line":196,"column":35}}},"13":{"name":"Stamp","line":197,"loc":{"start":{"line":197,"column":9},"end":{"line":197,"column":33}}},"14":{"name":"createStamp","line":232,"loc":{"start":{"line":232,"column":0},"end":{"line":232,"column":50}}},"15":{"name":"_compose","line":240,"loc":{"start":{"line":240,"column":18},"end":{"line":240,"column":38}}},"16":{"name":"mergeComposable","line":258,"loc":{"start":{"line":258,"column":0},"end":{"line":258,"column":55}}},"17":{"name":"compose","line":283,"loc":{"start":{"line":283,"column":0},"end":{"line":283,"column":19}}},"18":{"name":"isStamp","line":328,"loc":{"start":{"line":328,"column":0},"end":{"line":328,"column":22}}},"19":{"name":"createUtilityFunction","line":332,"loc":{"start":{"line":332,"column":0},"end":{"line":332,"column":49}}},"20":{"name":"composeUtil","line":333,"loc":{"start":{"line":333,"column":9},"end":{"line":333,"column":32}}},"21":{"name":"initializers","line":345,"loc":{"start":{"line":345,"column":0},"end":{"line":345,"column":24}}},"22":{"name":"composers","line":353,"loc":{"start":{"line":353,"column":0},"end":{"line":353,"column":21}}},"23":{"name":"create","line":412,"loc":{"start":{"line":412,"column":14},"end":{"line":412,"column":32}}},"24":{"name":"stampit","line":428,"loc":{"start":{"line":428,"column":0},"end":{"line":428,"column":19}}},"25":{"name":"(anonymous_25)","line":433,"loc":{"start":{"line":433,"column":9},"end":{"line":433,"column":24}}}},"statementMap":{"1":{"start":{"line":3,"column":0},"end":{"line":3,"column":62}},"2":{"start":{"line":12,"column":0},"end":{"line":43,"column":1}},"3":{"start":{"line":13,"column":2},"end":{"line":13,"column":40}},"4":{"start":{"line":13,"column":27},"end":{"line":13,"column":38}},"5":{"start":{"line":17,"column":2},"end":{"line":17,"column":69}},"6":{"start":{"line":17,"column":22},"end":{"line":17,"column":67}},"7":{"start":{"line":21,"column":2},"end":{"line":21,"column":42}},"8":{"start":{"line":21,"column":29},"end":{"line":21,"column":40}},"9":{"start":{"line":24,"column":2},"end":{"line":24,"column":45}},"10":{"start":{"line":26,"column":2},"end":{"line":26,"column":30}},"11":{"start":{"line":27,"column":2},"end":{"line":40,"column":3}},"12":{"start":{"line":28,"column":4},"end":{"line":28,"column":22}},"13":{"start":{"line":30,"column":4},"end":{"line":30,"column":28}},"14":{"start":{"line":32,"column":4},"end":{"line":39,"column":5}},"15":{"start":{"line":33,"column":6},"end":{"line":33,"column":38}},"16":{"start":{"line":35,"column":6},"end":{"line":35,"column":80}},"17":{"start":{"line":38,"column":6},"end":{"line":38,"column":52}},"18":{"start":{"line":42,"column":2},"end":{"line":42,"column":21}},"19":{"start":{"line":45,"column":0},"end":{"line":50,"column":2}},"20":{"start":{"line":46,"column":2},"end":{"line":46,"column":44}},"21":{"start":{"line":47,"column":2},"end":{"line":47,"column":57}},"22":{"start":{"line":47,"column":22},"end":{"line":47,"column":57}},"23":{"start":{"line":49,"column":2},"end":{"line":49,"column":36}},"24":{"start":{"line":52,"column":0},"end":{"line":54,"column":1}},"25":{"start":{"line":53,"column":2},"end":{"line":53,"column":35}},"26":{"start":{"line":56,"column":0},"end":{"line":59,"column":1}},"27":{"start":{"line":57,"column":2},"end":{"line":57,"column":24}},"28":{"start":{"line":58,"column":2},"end":{"line":58,"column":61}},"29":{"start":{"line":61,"column":0},"end":{"line":61,"column":27}},"30":{"start":{"line":62,"column":0},"end":{"line":62,"column":28}},"31":{"start":{"line":64,"column":0},"end":{"line":67,"column":1}},"32":{"start":{"line":65,"column":2},"end":{"line":66,"column":54}},"33":{"start":{"line":70,"column":0},"end":{"line":70,"column":36}},"34":{"start":{"line":71,"column":0},"end":{"line":74,"column":1}},"35":{"start":{"line":72,"column":2},"end":{"line":72,"column":59}},"36":{"start":{"line":73,"column":2},"end":{"line":73,"column":44}},"37":{"start":{"line":76,"column":0},"end":{"line":88,"column":1}},"38":{"start":{"line":77,"column":2},"end":{"line":77,"column":37}},"39":{"start":{"line":77,"column":28},"end":{"line":77,"column":35}},"40":{"start":{"line":79,"column":2},"end":{"line":79,"column":31}},"41":{"start":{"line":80,"column":2},"end":{"line":80,"column":43}},"42":{"start":{"line":81,"column":2},"end":{"line":81,"column":33}},"43":{"start":{"line":82,"column":2},"end":{"line":87,"column":3}},"44":{"start":{"line":83,"column":4},"end":{"line":83,"column":25}},"45":{"start":{"line":84,"column":4},"end":{"line":86,"column":5}},"46":{"start":{"line":85,"column":6},"end":{"line":85,"column":24}},"47":{"start":{"line":91,"column":0},"end":{"line":95,"column":1}},"48":{"start":{"line":92,"column":2},"end":{"line":92,"column":49}},"49":{"start":{"line":92,"column":40},"end":{"line":92,"column":47}},"50":{"start":{"line":93,"column":2},"end":{"line":93,"column":67}},"51":{"start":{"line":93,"column":40},"end":{"line":93,"column":65}},"52":{"start":{"line":94,"column":2},"end":{"line":94,"column":51}},"53":{"start":{"line":97,"column":0},"end":{"line":99,"column":1}},"54":{"start":{"line":98,"column":2},"end":{"line":98,"column":59}},"55":{"start":{"line":100,"column":0},"end":{"line":102,"column":1}},"56":{"start":{"line":101,"column":2},"end":{"line":101,"column":60}},"57":{"start":{"line":127,"column":0},"end":{"line":189,"column":2}},"58":{"start":{"line":128,"column":2},"end":{"line":128,"column":33}},"59":{"start":{"line":128,"column":24},"end":{"line":128,"column":33}},"60":{"start":{"line":129,"column":2},"end":{"line":129,"column":28}},"61":{"start":{"line":130,"column":2},"end":{"line":130,"column":34}},"62":{"start":{"line":131,"column":2},"end":{"line":131,"column":24}},"63":{"start":{"line":132,"column":2},"end":{"line":132,"column":22}},"64":{"start":{"line":133,"column":2},"end":{"line":133,"column":38}},"65":{"start":{"line":134,"column":2},"end":{"line":134,"column":22}},"66":{"start":{"line":135,"column":2},"end":{"line":135,"column":32}},"67":{"start":{"line":136,"column":2},"end":{"line":136,"column":42}},"68":{"start":{"line":137,"column":2},"end":{"line":137,"column":32}},"69":{"start":{"line":138,"column":2},"end":{"line":138,"column":52}},"70":{"start":{"line":139,"column":2},"end":{"line":139,"column":46}},"71":{"start":{"line":140,"column":2},"end":{"line":140,"column":28}},"72":{"start":{"line":141,"column":2},"end":{"line":141,"column":54}},"73":{"start":{"line":142,"column":2},"end":{"line":142,"column":36}},"74":{"start":{"line":143,"column":2},"end":{"line":143,"column":64}},"75":{"start":{"line":144,"column":2},"end":{"line":144,"column":40}},"76":{"start":{"line":145,"column":2},"end":{"line":145,"column":22}},"77":{"start":{"line":146,"column":2},"end":{"line":146,"column":48}},"78":{"start":{"line":147,"column":2},"end":{"line":147,"column":30}},"79":{"start":{"line":149,"column":2},"end":{"line":150,"column":52}},"80":{"start":{"line":152,"column":2},"end":{"line":152,"column":66}},"81":{"start":{"line":153,"column":2},"end":{"line":153,"column":65}},"82":{"start":{"line":155,"column":2},"end":{"line":156,"column":54}},"83":{"start":{"line":158,"column":2},"end":{"line":158,"column":71}},"84":{"start":{"line":159,"column":2},"end":{"line":159,"column":80}},"85":{"start":{"line":161,"column":2},"end":{"line":162,"column":48}},"86":{"start":{"line":164,"column":2},"end":{"line":164,"column":64}},"87":{"start":{"line":165,"column":2},"end":{"line":165,"column":71}},"88":{"start":{"line":167,"column":2},"end":{"line":167,"column":48}},"89":{"start":{"line":169,"column":2},"end":{"line":169,"column":54}},"90":{"start":{"line":170,"column":2},"end":{"line":173,"column":3}},"91":{"start":{"line":171,"column":4},"end":{"line":171,"column":18}},"92":{"start":{"line":172,"column":4},"end":{"line":172,"column":62}},"93":{"start":{"line":175,"column":2},"end":{"line":175,"column":22}},"94":{"start":{"line":176,"column":2},"end":{"line":176,"column":48}},"95":{"start":{"line":176,"column":17},"end":{"line":176,"column":46}},"96":{"start":{"line":177,"column":2},"end":{"line":177,"column":39}},"97":{"start":{"line":177,"column":11},"end":{"line":177,"column":37}},"98":{"start":{"line":178,"column":2},"end":{"line":178,"column":43}},"99":{"start":{"line":178,"column":12},"end":{"line":178,"column":41}},"100":{"start":{"line":179,"column":2},"end":{"line":179,"column":45}},"101":{"start":{"line":179,"column":12},"end":{"line":179,"column":43}},"102":{"start":{"line":180,"column":2},"end":{"line":180,"column":47}},"103":{"start":{"line":180,"column":12},"end":{"line":180,"column":45}},"104":{"start":{"line":181,"column":2},"end":{"line":181,"column":48}},"105":{"start":{"line":181,"column":17},"end":{"line":181,"column":46}},"106":{"start":{"line":182,"column":2},"end":{"line":182,"column":53}},"107":{"start":{"line":182,"column":13},"end":{"line":182,"column":51}},"108":{"start":{"line":183,"column":2},"end":{"line":183,"column":84}},"109":{"start":{"line":183,"column":29},"end":{"line":183,"column":82}},"110":{"start":{"line":184,"column":2},"end":{"line":184,"column":102}},"111":{"start":{"line":184,"column":35},"end":{"line":184,"column":100}},"112":{"start":{"line":185,"column":2},"end":{"line":185,"column":42}},"113":{"start":{"line":185,"column":11},"end":{"line":185,"column":40}},"114":{"start":{"line":186,"column":2},"end":{"line":186,"column":48}},"115":{"start":{"line":186,"column":12},"end":{"line":186,"column":46}},"116":{"start":{"line":188,"column":2},"end":{"line":188,"column":20}},"117":{"start":{"line":196,"column":0},"end":{"line":224,"column":1}},"118":{"start":{"line":197,"column":2},"end":{"line":223,"column":4}},"119":{"start":{"line":198,"column":4},"end":{"line":198,"column":46}},"120":{"start":{"line":199,"column":4},"end":{"line":199,"column":59}},"121":{"start":{"line":199,"column":24},"end":{"line":199,"column":59}},"122":{"start":{"line":202,"column":4},"end":{"line":202,"column":56}},"123":{"start":{"line":204,"column":4},"end":{"line":204,"column":42}},"124":{"start":{"line":205,"column":4},"end":{"line":205,"column":39}},"125":{"start":{"line":206,"column":4},"end":{"line":206,"column":71}},"126":{"start":{"line":208,"column":4},"end":{"line":208,"column":89}},"127":{"start":{"line":208,"column":76},"end":{"line":208,"column":87}},"128":{"start":{"line":210,"column":4},"end":{"line":210,"column":48}},"129":{"start":{"line":210,"column":33},"end":{"line":210,"column":46}},"130":{"start":{"line":211,"column":4},"end":{"line":211,"column":40}},"131":{"start":{"line":212,"column":4},"end":{"line":212,"column":30}},"132":{"start":{"line":213,"column":4},"end":{"line":220,"column":5}},"133":{"start":{"line":214,"column":6},"end":{"line":214,"column":33}},"134":{"start":{"line":215,"column":6},"end":{"line":219,"column":7}},"135":{"start":{"line":216,"column":8},"end":{"line":217,"column":71}},"136":{"start":{"line":218,"column":8},"end":{"line":218,"column":64}},"137":{"start":{"line":222,"column":4},"end":{"line":222,"column":15}},"138":{"start":{"line":232,"column":0},"end":{"line":249,"column":1}},"139":{"start":{"line":233,"column":2},"end":{"line":233,"column":40}},"140":{"start":{"line":235,"column":2},"end":{"line":235,"column":48}},"141":{"start":{"line":236,"column":2},"end":{"line":236,"column":45}},"142":{"start":{"line":237,"column":2},"end":{"line":237,"column":77}},"143":{"start":{"line":239,"column":2},"end":{"line":239,"column":90}},"144":{"start":{"line":240,"column":2},"end":{"line":245,"column":4}},"145":{"start":{"line":241,"column":4},"end":{"line":241,"column":42}},"146":{"start":{"line":242,"column":4},"end":{"line":242,"column":51}},"147":{"start":{"line":242,"column":20},"end":{"line":242,"column":51}},"148":{"start":{"line":244,"column":4},"end":{"line":244,"column":51}},"149":{"start":{"line":246,"column":2},"end":{"line":246,"column":36}},"150":{"start":{"line":248,"column":2},"end":{"line":248,"column":15}},"151":{"start":{"line":258,"column":0},"end":{"line":274,"column":1}},"152":{"start":{"line":259,"column":2},"end":{"line":259,"column":80}},"153":{"start":{"line":260,"column":2},"end":{"line":260,"column":57}},"154":{"start":{"line":260,"column":34},"end":{"line":260,"column":55}},"155":{"start":{"line":262,"column":2},"end":{"line":262,"column":55}},"156":{"start":{"line":263,"column":2},"end":{"line":263,"column":58}},"157":{"start":{"line":264,"column":2},"end":{"line":264,"column":66}},"158":{"start":{"line":265,"column":2},"end":{"line":265,"column":67}},"159":{"start":{"line":266,"column":2},"end":{"line":266,"column":64}},"160":{"start":{"line":267,"column":2},"end":{"line":267,"column":72}},"161":{"start":{"line":268,"column":2},"end":{"line":268,"column":73}},"162":{"start":{"line":269,"column":2},"end":{"line":269,"column":61}},"163":{"start":{"line":270,"column":2},"end":{"line":270,"column":69}},"164":{"start":{"line":271,"column":2},"end":{"line":271,"column":83}},"165":{"start":{"line":273,"column":2},"end":{"line":273,"column":23}},"166":{"start":{"line":283,"column":0},"end":{"line":292,"column":1}},"167":{"start":{"line":284,"column":2},"end":{"line":284,"column":47}},"168":{"start":{"line":285,"column":2},"end":{"line":285,"column":56}},"169":{"start":{"line":285,"column":18},"end":{"line":285,"column":56}},"170":{"start":{"line":287,"column":2},"end":{"line":290,"column":33}},"171":{"start":{"line":291,"column":2},"end":{"line":291,"column":42}},"172":{"start":{"line":328,"column":0},"end":{"line":330,"column":1}},"173":{"start":{"line":329,"column":2},"end":{"line":329,"column":52}},"174":{"start":{"line":332,"column":0},"end":{"line":340,"column":1}},"175":{"start":{"line":333,"column":2},"end":{"line":339,"column":4}},"176":{"start":{"line":334,"column":4},"end":{"line":334,"column":51}},"177":{"start":{"line":335,"column":4},"end":{"line":335,"column":46}},"178":{"start":{"line":335,"column":18},"end":{"line":335,"column":46}},"179":{"start":{"line":337,"column":4},"end":{"line":337,"column":143}},"180":{"start":{"line":338,"column":4},"end":{"line":338,"column":12}},"181":{"start":{"line":342,"column":0},"end":{"line":342,"column":55}},"182":{"start":{"line":344,"column":0},"end":{"line":344,"column":61}},"183":{"start":{"line":345,"column":0},"end":{"line":352,"column":1}},"184":{"start":{"line":346,"column":2},"end":{"line":346,"column":40}},"185":{"start":{"line":347,"column":2},"end":{"line":347,"column":49}},"186":{"start":{"line":347,"column":18},"end":{"line":347,"column":49}},"187":{"start":{"line":349,"column":2},"end":{"line":351,"column":5}},"188":{"start":{"line":353,"column":0},"end":{"line":360,"column":1}},"189":{"start":{"line":354,"column":2},"end":{"line":354,"column":40}},"190":{"start":{"line":355,"column":2},"end":{"line":355,"column":49}},"191":{"start":{"line":355,"column":18},"end":{"line":355,"column":49}},"192":{"start":{"line":357,"column":2},"end":{"line":359,"column":5}},"193":{"start":{"line":362,"column":0},"end":{"line":362,"column":68}},"194":{"start":{"line":363,"column":0},"end":{"line":363,"column":73}},"195":{"start":{"line":364,"column":0},"end":{"line":364,"column":80}},"196":{"start":{"line":365,"column":0},"end":{"line":365,"column":67}},"197":{"start":{"line":366,"column":0},"end":{"line":366,"column":74}},"198":{"start":{"line":367,"column":0},"end":{"line":367,"column":79}},"199":{"start":{"line":369,"column":0},"end":{"line":369,"column":91}},"200":{"start":{"line":371,"column":0},"end":{"line":401,"column":2}},"201":{"start":{"line":408,"column":0},"end":{"line":421,"column":2}},"202":{"start":{"line":413,"column":8},"end":{"line":413,"column":46}},"203":{"start":{"line":414,"column":8},"end":{"line":414,"column":55}},"204":{"start":{"line":414,"column":24},"end":{"line":414,"column":55}},"205":{"start":{"line":416,"column":8},"end":{"line":416,"column":40}},"206":{"start":{"line":428,"column":0},"end":{"line":459,"column":1}},"207":{"start":{"line":429,"column":2},"end":{"line":429,"column":40}},"208":{"start":{"line":430,"column":2},"end":{"line":430,"column":49}},"209":{"start":{"line":430,"column":18},"end":{"line":430,"column":49}},"210":{"start":{"line":432,"column":2},"end":{"line":433,"column":85}},"211":{"start":{"line":433,"column":26},"end":{"line":433,"column":81}},"212":{"start":{"line":436,"column":2},"end":{"line":436,"column":62}},"213":{"start":{"line":438,"column":2},"end":{"line":439,"column":46}},"214":{"start":{"line":440,"column":2},"end":{"line":456,"column":3}},"215":{"start":{"line":441,"column":4},"end":{"line":441,"column":29}},"216":{"start":{"line":442,"column":4},"end":{"line":447,"column":5}},"217":{"start":{"line":443,"column":6},"end":{"line":443,"column":42}},"218":{"start":{"line":444,"column":6},"end":{"line":446,"column":7}},"219":{"start":{"line":445,"column":8},"end":{"line":445,"column":39}},"220":{"start":{"line":448,"column":4},"end":{"line":448,"column":64}},"221":{"start":{"line":450,"column":4},"end":{"line":450,"column":53}},"222":{"start":{"line":450,"column":25},"end":{"line":450,"column":51}},"223":{"start":{"line":451,"column":4},"end":{"line":455,"column":5}},"224":{"start":{"line":452,"column":6},"end":{"line":452,"column":44}},"225":{"start":{"line":453,"column":6},"end":{"line":453,"column":79}},"226":{"start":{"line":454,"column":6},"end":{"line":454,"column":61}},"227":{"start":{"line":458,"column":2},"end":{"line":458,"column":15}},"228":{"start":{"line":461,"column":0},"end":{"line":461,"column":37}},"229":{"start":{"line":462,"column":0},"end":{"line":462,"column":34}},"230":{"start":{"line":465,"column":0},"end":{"line":465,"column":46}},"231":{"start":{"line":467,"column":0},"end":{"line":467,"column":26}},"232":{"start":{"line":468,"column":0},"end":{"line":468,"column":32}},"233":{"start":{"line":469,"column":0},"end":{"line":469,"column":26}},"234":{"start":{"line":470,"column":0},"end":{"line":470,"column":27}},"235":{"start":{"line":471,"column":0},"end":{"line":471,"column":36}},"236":{"start":{"line":472,"column":0},"end":{"line":472,"column":28}},"237":{"start":{"line":473,"column":0},"end":{"line":473,"column":30}},"238":{"start":{"line":474,"column":0},"end":{"line":474,"column":40}},"239":{"start":{"line":475,"column":0},"end":{"line":475,"column":35}},"240":{"start":{"line":476,"column":0},"end":{"line":476,"column":44}},"241":{"start":{"line":477,"column":0},"end":{"line":477,"column":35}},"242":{"start":{"line":478,"column":0},"end":{"line":478,"column":52}},"243":{"start":{"line":479,"column":0},"end":{"line":479,"column":43}},"244":{"start":{"line":480,"column":0},"end":{"line":480,"column":38}},"245":{"start":{"line":481,"column":0},"end":{"line":481,"column":29}},"246":{"start":{"line":482,"column":0},"end":{"line":482,"column":46}},"247":{"start":{"line":483,"column":0},"end":{"line":483,"column":37}},"248":{"start":{"line":484,"column":0},"end":{"line":484,"column":50}},"249":{"start":{"line":485,"column":0},"end":{"line":485,"column":62}},"250":{"start":{"line":486,"column":0},"end":{"line":486,"column":34}},"251":{"start":{"line":487,"column":0},"end":{"line":487,"column":31}},"252":{"start":{"line":488,"column":0},"end":{"line":488,"column":36}}},"branchMap":{"1":{"line":13,"type":"if","locations":[{"start":{"line":13,"column":2},"end":{"line":13,"column":2}},{"start":{"line":13,"column":2},"end":{"line":13,"column":2}}]},"2":{"line":17,"type":"if","locations":[{"start":{"line":17,"column":2},"end":{"line":17,"column":2}},{"start":{"line":17,"column":2},"end":{"line":17,"column":2}}]},"3":{"line":17,"type":"cond-expr","locations":[{"start":{"line":17,"column":45},"end":{"line":17,"column":48}},{"start":{"line":17,"column":51},"end":{"line":17,"column":53}}]},"4":{"line":21,"type":"if","locations":[{"start":{"line":21,"column":2},"end":{"line":21,"column":2}},{"start":{"line":21,"column":2},"end":{"line":21,"column":2}}]},"5":{"line":24,"type":"cond-expr","locations":[{"start":{"line":24,"column":36},"end":{"line":24,"column":39}},{"start":{"line":24,"column":42},"end":{"line":24,"column":44}}]},"6":{"line":32,"type":"if","locations":[{"start":{"line":32,"column":4},"end":{"line":32,"column":4}},{"start":{"line":32,"column":4},"end":{"line":32,"column":4}}]},"7":{"line":35,"type":"cond-expr","locations":[{"start":{"line":35,"column":66},"end":{"line":35,"column":74}},{"start":{"line":35,"column":77},"end":{"line":35,"column":79}}]},"8":{"line":35,"type":"binary-expr","locations":[{"start":{"line":35,"column":19},"end":{"line":35,"column":42}},{"start":{"line":35,"column":46},"end":{"line":35,"column":63}}]},"9":{"line":58,"type":"binary-expr","locations":[{"start":{"line":58,"column":9},"end":{"line":58,"column":14}},{"start":{"line":58,"column":19},"end":{"line":58,"column":36}},{"start":{"line":58,"column":40},"end":{"line":58,"column":59}}]},"10":{"line":65,"type":"binary-expr","locations":[{"start":{"line":65,"column":9},"end":{"line":65,"column":16}},{"start":{"line":65,"column":20},"end":{"line":65,"column":45}},{"start":{"line":66,"column":4},"end":{"line":66,"column":53}}]},"11":{"line":73,"type":"cond-expr","locations":[{"start":{"line":73,"column":28},"end":{"line":73,"column":37}},{"start":{"line":73,"column":40},"end":{"line":73,"column":43}}]},"12":{"line":77,"type":"if","locations":[{"start":{"line":77,"column":2},"end":{"line":77,"column":2}},{"start":{"line":77,"column":2},"end":{"line":77,"column":2}}]},"13":{"line":80,"type":"binary-expr","locations":[{"start":{"line":80,"column":17},"end":{"line":80,"column":36}},{"start":{"line":80,"column":40},"end":{"line":80,"column":42}}]},"14":{"line":84,"type":"if","locations":[{"start":{"line":84,"column":4},"end":{"line":84,"column":4}},{"start":{"line":84,"column":4},"end":{"line":84,"column":4}}]},"15":{"line":84,"type":"binary-expr","locations":[{"start":{"line":84,"column":8},"end":{"line":84,"column":22}},{"start":{"line":84,"column":26},"end":{"line":84,"column":50}}]},"16":{"line":92,"type":"if","locations":[{"start":{"line":92,"column":2},"end":{"line":92,"column":2}},{"start":{"line":92,"column":2},"end":{"line":92,"column":2}}]},"17":{"line":93,"type":"if","locations":[{"start":{"line":93,"column":2},"end":{"line":93,"column":2}},{"start":{"line":93,"column":2},"end":{"line":93,"column":2}}]},"18":{"line":128,"type":"if","locations":[{"start":{"line":128,"column":2},"end":{"line":128,"column":2}},{"start":{"line":128,"column":2},"end":{"line":128,"column":2}}]},"19":{"line":149,"type":"cond-expr","locations":[{"start":{"line":150,"column":4},"end":{"line":150,"column":39}},{"start":{"line":150,"column":42},"end":{"line":150,"column":51}}]},"20":{"line":149,"type":"binary-expr","locations":[{"start":{"line":149,"column":10},"end":{"line":149,"column":25}},{"start":{"line":149,"column":29},"end":{"line":149,"column":43}},{"start":{"line":149,"column":47},"end":{"line":149,"column":67}}]},"21":{"line":152,"type":"cond-expr","locations":[{"start":{"line":152,"column":33},"end":{"line":152,"column":53}},{"start":{"line":152,"column":56},"end":{"line":152,"column":65}}]},"22":{"line":153,"type":"cond-expr","locations":[{"start":{"line":153,"column":34},"end":{"line":153,"column":59}},{"start":{"line":153,"column":62},"end":{"line":153,"column":64}}]},"23":{"line":155,"type":"cond-expr","locations":[{"start":{"line":156,"column":4},"end":{"line":156,"column":41}},{"start":{"line":156,"column":44},"end":{"line":156,"column":53}}]},"24":{"line":155,"type":"binary-expr","locations":[{"start":{"line":155,"column":11},"end":{"line":155,"column":28}},{"start":{"line":155,"column":32},"end":{"line":155,"column":58}}]},"25":{"line":158,"type":"cond-expr","locations":[{"start":{"line":158,"column":36},"end":{"line":158,"column":58}},{"start":{"line":158,"column":61},"end":{"line":158,"column":70}}]},"26":{"line":159,"type":"cond-expr","locations":[{"start":{"line":159,"column":41},"end":{"line":159,"column":73}},{"start":{"line":159,"column":76},"end":{"line":159,"column":79}}]},"27":{"line":161,"type":"cond-expr","locations":[{"start":{"line":162,"column":4},"end":{"line":162,"column":35}},{"start":{"line":162,"column":38},"end":{"line":162,"column":47}}]},"28":{"line":161,"type":"binary-expr","locations":[{"start":{"line":161,"column":10},"end":{"line":161,"column":24}},{"start":{"line":161,"column":28},"end":{"line":161,"column":51}}]},"29":{"line":164,"type":"cond-expr","locations":[{"start":{"line":164,"column":32},"end":{"line":164,"column":51}},{"start":{"line":164,"column":54},"end":{"line":164,"column":63}}]},"30":{"line":165,"type":"cond-expr","locations":[{"start":{"line":165,"column":37},"end":{"line":165,"column":65}},{"start":{"line":165,"column":68},"end":{"line":165,"column":70}}]},"31":{"line":170,"type":"if","locations":[{"start":{"line":170,"column":2},"end":{"line":170,"column":2}},{"start":{"line":170,"column":2},"end":{"line":170,"column":2}}]},"32":{"line":171,"type":"binary-expr","locations":[{"start":{"line":171,"column":9},"end":{"line":171,"column":11}},{"start":{"line":171,"column":15},"end":{"line":171,"column":17}}]},"33":{"line":176,"type":"if","locations":[{"start":{"line":176,"column":2},"end":{"line":176,"column":2}},{"start":{"line":176,"column":2},"end":{"line":176,"column":2}}]},"34":{"line":177,"type":"if","locations":[{"start":{"line":177,"column":2},"end":{"line":177,"column":2}},{"start":{"line":177,"column":2},"end":{"line":177,"column":2}}]},"35":{"line":178,"type":"if","locations":[{"start":{"line":178,"column":2},"end":{"line":178,"column":2}},{"start":{"line":178,"column":2},"end":{"line":178,"column":2}}]},"36":{"line":179,"type":"if","locations":[{"start":{"line":179,"column":2},"end":{"line":179,"column":2}},{"start":{"line":179,"column":2},"end":{"line":179,"column":2}}]},"37":{"line":180,"type":"if","locations":[{"start":{"line":180,"column":2},"end":{"line":180,"column":2}},{"start":{"line":180,"column":2},"end":{"line":180,"column":2}}]},"38":{"line":181,"type":"if","locations":[{"start":{"line":181,"column":2},"end":{"line":181,"column":2}},{"start":{"line":181,"column":2},"end":{"line":181,"column":2}}]},"39":{"line":182,"type":"if","locations":[{"start":{"line":182,"column":2},"end":{"line":182,"column":2}},{"start":{"line":182,"column":2},"end":{"line":182,"column":2}}]},"40":{"line":183,"type":"if","locations":[{"start":{"line":183,"column":2},"end":{"line":183,"column":2}},{"start":{"line":183,"column":2},"end":{"line":183,"column":2}}]},"41":{"line":184,"type":"if","locations":[{"start":{"line":184,"column":2},"end":{"line":184,"column":2}},{"start":{"line":184,"column":2},"end":{"line
[...]
:{"line":127,"column":8},"end":{"line":127,"column":64}},"73":{"start":{"line":131,"column":4},"end":{"line":131,"column":15}},"74":{"start":{"line":141,"column":0},"end":{"line":158,"column":1}},"75":{"start":{"line":142,"column":2},"end":{"line":142,"column":40}},"76":{"start":{"line":144,"column":2},"end":{"line":144,"column":48}},"77":{"start":{"line":145,"column":2},"end":{"line":145,"column":45}},"78":{"start":{"line":146,"column":2},"end":{"line":146,"column":77}},"79":{"start":{"line":148,"column":2},"end":{"line":148,"column":90}},"80":{"start":{"line":149,"column":2},"end":{"line":154,"column":4}},"81":{"start":{"line":150,"column":4},"end":{"line":150,"column":42}},"82":{"start":{"line":151,"column":4},"end":{"line":151,"column":51}},"83":{"start":{"line":151,"column":20},"end":{"line":151,"column":51}},"84":{"start":{"line":153,"column":4},"end":{"line":153,"column":51}},"85":{"start":{"line":155,"column":2},"end":{"line":155,"column":36}},"86":{"start":{"line":157,"column":2},"end":{"line":157,"column":15}},"87":{"start":{"line":167,"column":0},"end":{"line":183,"column":1}},"88":{"start":{"line":168,"column":2},"end":{"line":168,"column":80}},"89":{"start":{"line":169,"column":2},"end":{"line":169,"column":57}},"90":{"start":{"line":169,"column":34},"end":{"line":169,"column":55}},"91":{"start":{"line":171,"column":2},"end":{"line":171,"column":55}},"92":{"start":{"line":172,"column":2},"end":{"line":172,"column":58}},"93":{"start":{"line":173,"column":2},"end":{"line":173,"column":66}},"94":{"start":{"line":174,"column":2},"end":{"line":174,"column":67}},"95":{"start":{"line":175,"column":2},"end":{"line":175,"column":64}},"96":{"start":{"line":176,"column":2},"end":{"line":176,"column":72}},"97":{"start":{"line":177,"column":2},"end":{"line":177,"column":73}},"98":{"start":{"line":178,"column":2},"end":{"line":178,"column":61}},"99":{"start":{"line":179,"column":2},"end":{"line":179,"column":69}},"100":{"start":{"line":180,"column":2},"end":{"line":180,"column":83}},"101":{"start":{"line":182,"column":2},"end":{"line":182,"column":23}},"102":{"start":{"line":192,"column":0},"end":{"line":201,"column":1}},"103":{"start":{"line":193,"column":2},"end":{"line":193,"column":47}},"104":{"start":{"line":194,"column":2},"end":{"line":194,"column":56}},"105":{"start":{"line":194,"column":18},"end":{"line":194,"column":56}},"106":{"start":{"line":196,"column":2},"end":{"line":199,"column":33}},"107":{"start":{"line":200,"column":2},"end":{"line":200,"column":42}},"108":{"start":{"line":232,"column":0},"end":{"line":232,"column":29}},"109":{"start":{"line":233,"column":0},"end":{"line":233,"column":36}}},"branchMap":{"1":{"line":7,"type":"binary-expr","locations":[{"start":{"line":7,"column":9},"end":{"line":7,"column":14}},{"start":{"line":7,"column":19},"end":{"line":7,"column":36}},{"start":{"line":7,"column":40},"end":{"line":7,"column":59}}]},"2":{"line":18,"type":"binary-expr","locations":[{"start":{"line":18,"column":9},"end":{"line":18,"column":16}},{"start":{"line":18,"column":20},"end":{"line":18,"column":45}},{"start":{"line":19,"column":4},"end":{"line":19,"column":53}}]},"3":{"line":26,"type":"if","locations":[{"start":{"line":26,"column":2},"end":{"line":26,"column":2}},{"start":{"line":26,"column":2},"end":{"line":26,"column":2}}]},"4":{"line":29,"type":"binary-expr","locations":[{"start":{"line":29,"column":17},"end":{"line":29,"column":36}},{"start":{"line":29,"column":40},"end":{"line":29,"column":42}}]},"5":{"line":33,"type":"if","locations":[{"start":{"line":33,"column":4},"end":{"line":33,"column":4}},{"start":{"line":33,"column":4},"end":{"line":33,"column":4}}]},"6":{"line":33,"type":"binary-expr","locations":[{"start":{"line":33,"column":8},"end":{"line":33,"column":22}},{"start":{"line":33,"column":26},"end":{"line":33,"column":50}}]},"7":{"line":41,"type":"if","locations":[{"start":{"line":41,"column":2},"end":{"line":41,"column":2}},{"start":{"line":41,"column":2},"end":{"line":41,"column":2}}]},"8":{"line":42,"type":"if","locations":[{"start":{"line":42,"column":2},"end":{"line":42,"column":2}},{"start":{"line":42,"column":2},"end":{"line":42,"column":2}}]},"9":{"line":61,"type":"if","locations":[{"start":{"line":61,"column":2},"end":{"line":61,"column":2}},{"start":{"line":61,"column":2},"end":{"line":61,"column":2}}]},"10":{"line":65,"type":"if","locations":[{"start":{"line":65,"column":2},"end":{"line":65,"column":2}},{"start":{"line":65,"column":2},"end":{"line":65,"column":2}}]},"11":{"line":65,"type":"cond-expr","locations":[{"start":{"line":65,"column":45},"end":{"line":65,"column":48}},{"start":{"line":65,"column":51},"end":{"line":65,"column":53}}]},"12":{"line":69,"type":"if","locations":[{"start":{"line":69,"column":2},"end":{"line":69,"column":2}},{"start":{"line":69,"column":2},"end":{"line":69,"column":2}}]},"13":{"line":72,"type":"cond-expr","locations":[{"start":{"line":72,"column":36},"end":{"line":72,"column":39}},{"start":{"line":72,"column":42},"end":{"line":72,"column":44}}]},"14":{"line":80,"type":"if","locations":[{"start":{"line":80,"column":4},"end":{"line":80,"column":4}},{"start":{"line":80,"column":4},"end":{"line":80,"column":4}}]},"15":{"line":83,"type":"cond-expr","locations":[{"start":{"line":83,"column":66},"end":{"line":83,"column":74}},{"start":{"line":83,"column":77},"end":{"line":83,"column":79}}]},"16":{"line":83,"type":"binary-expr","locations":[{"start":{"line":83,"column":19},"end":{"line":83,"column":42}},{"start":{"line":83,"column":46},"end":{"line":83,"column":63}}]},"17":{"line":111,"type":"binary-expr","locations":[{"start":{"line":111,"column":28},"end":{"line":111,"column":46}},{"start":{"line":111,"column":50},"end":{"line":111,"column":54}}]},"18":{"line":115,"type":"binary-expr","locations":[{"start":{"line":115,"column":33},"end":{"line":115,"column":63}},{"start":{"line":115,"column":67},"end":{"line":115,"column":69}}]},"19":{"line":117,"type":"if","locations":[{"start":{"line":117,"column":4},"end":{"line":117,"column":4}},{"start":{"line":117,"column":4},"end":{"line":117,"column":4}}]},"20":{"line":117,"type":"binary-expr","locations":[{"start":{"line":117,"column":8},"end":{"line":117,"column":32}},{"start":{"line":117,"column":36},"end":{"line":117,"column":72}}]},"21":{"line":119,"type":"if","locations":[{"start":{"line":119,"column":4},"end":{"line":119,"column":4}},{"start":{"line":119,"column":4},"end":{"line":119,"column":4}}]},"22":{"line":124,"type":"if","locations":[{"start":{"line":124,"column":6},"end":{"line":124,"column":6}},{"start":{"line":124,"column":6},"end":{"line":124,"column":6}}]},"23":{"line":127,"type":"cond-expr","locations":[{"start":{"line":127,"column":44},"end":{"line":127,"column":47}},{"start":{"line":127,"column":50},"end":{"line":127,"column":63}}]},"24":{"line":146,"type":"binary-expr","locations":[{"start":{"line":146,"column":33},"end":{"line":146,"column":69}},{"start":{"line":146,"column":73},"end":{"line":146,"column":75}}]},"25":{"line":148,"type":"cond-expr","locations":[{"start":{"line":148,"column":58},"end":{"line":148,"column":71}},{"start":{"line":148,"column":74},"end":{"line":148,"column":89}}]},"26":{"line":168,"type":"binary-expr","locations":[{"start":{"line":168,"column":23},"end":{"line":168,"column":36}},{"start":{"line":168,"column":40},"end":{"line":168,"column":61}},{"start":{"line":168,"column":66},"end":{"line":168,"column":79}}]},"27":{"line":169,"type":"if","locations":[{"start":{"line":169,"column":2},"end":{"line":169,"column":2}},{"start":{"line":169,"column":2},"end":{"line":169,"column":2}}]}},"code":["'use strict';","","Object.defineProperty(exports, '__esModule', { value: true });","","function isObject(obj) {","  var type = typeof obj;","  return !!obj && (type === 'object' || type === 'function');","}","","function isFunction(obj) {","  return typeof obj === 'function';","}","","var assign = Object.assign;","var isArray = Array.isArray;","","function isPlainObject(value) {","  return !!value && typeof value === 'object' &&","    Object.getPrototypeOf(value) === Object.prototype;","}","","","","","function concatAssignFunctions(dstObject, srcArray, propName) {","  if (!isArray(srcArray)) { return; }","","  var length = srcArray.length;","  var dstArray = dstObject[propName] || [];","  dstObject[propName] = dstArray;","  for (var i = 0; i < length; i += 1) {","    var fn = srcArray[i];","    if (isFunction(fn) && dstArray.indexOf(fn) < 0) {","      dstArray.push(fn);","    }","  }","}","","","function combineProperties(dstObject, srcObject, propName, action) {","  if (!isObject(srcObject[propName])) { return; }","  if (!isObject(dstObject[propName])) { dstObject[propName] = {}; }","  action(dstObject[propName], srcObject[propName]);","}","","function deepMergeAssign(dstObject, srcObject, propName) {","  combineProperties(dstObject, srcObject, propName, merge);","}","function mergeAssign(dstObject, srcObject, propName) {","  combineProperties(dstObject, srcObject, propName, assign);","}","","/**"," * The 'src' argument plays the command role."," * The returned values is always of the same type as the 'src'."," * @param dst"," * @param src"," * @returns {*}"," */","function mergeOne(dst, src) {","  if (src === undefined) { return dst; }","","  // According to specification arrays must be concatenated.","  // Also, the '.concat' creates a new array instance. Overrides the 'dst'.","  if (isArray(src)) { return (isArray(dst) ? dst : []).concat(src); }","","  // Now deal with non plain 'src' object. 'src' overrides 'dst'","  // Note that functions are also assigned! We do not deep merge functions.","  if (!isPlainObject(src)) { return src; }","","  // See if 'dst' is allowed to be mutated. If not - it's overridden with a new plain object.","  var returnValue = isObject(dst) ? dst : {};","","  var keys = Object.keys(src);","  for (var i = 0; i < keys.length; i += 1) {","    var key = keys[i];","","    var srcValue = src[key];","    // Do not merge properties with the 'undefined' value.","    if (srcValue !== undefined) {","      var dstValue = returnValue[key];","      // Recursive calls to mergeOne() must allow only plain objects or arrays in dst","      var newDst = isPlainObject(dstValue) || isArray(srcValue) ? dstValue : {};","","      // deep merge each property. Recursion!","      returnValue[key] = mergeOne(newDst, srcValue);","    }","  }","","  return returnValue;","}","","var merge = function (dst) {","  var srcs = [], len = arguments.length - 1;","  while ( len-- > 0 ) srcs[ len ] = arguments[ len + 1 ];","","  return srcs.reduce(mergeOne, dst);","};","","/**"," * Creates new factory instance."," * @param {Descriptor} descriptor The information about the object the factory will be creating."," * @returns {Function} The new factory function."," */","function createFactory(descriptor) {","  return function Stamp(options) {","    var args = [], len = arguments.length - 1;","    while ( len-- > 0 ) args[ len ] = arguments[ len + 1 ];","","    // Next line was optimized for most JS VMs. Please, be careful here!","    var obj = Object.create(descriptor.methods || null);","","    merge(obj, descriptor.deepProperties);","    assign(obj, descriptor.properties);","    Object.defineProperties(obj, descriptor.propertyDescriptors || {});","","    if (!descriptor.initializers || descriptor.initializers.length === 0) { return obj; }","","    if (options === undefined) { options = {}; }","    var inits = descriptor.initializers;","    var length = inits.length;","    for (var i = 0; i < length; i += 1) {","      var initializer = inits[i];","      if (isFunction(initializer)) {","        var returnedValue = initializer.call(obj, options,","          {instance: obj, stamp: Stamp, args: [options].concat(args)});","        obj = returnedValue === undefined ? obj : returnedValue;","      }","    }","","    return obj;","  };","}","","/**"," * Returns a new stamp given a descriptor and a compose function implementation."," * @param {Descriptor} [descriptor={}] The information about the object the stamp will be creating."," * @param {Compose} composeFunction The \"compose\" function implementation."," * @returns {Stamp}"," */","function createStamp(descriptor, composeFunction) {","  var Stamp = createFactory(descriptor);","","  merge(Stamp, descriptor.staticDeepProperties);","  assign(Stamp, descriptor.staticProperties);","  Object.defineProperties(Stamp, descriptor.staticPropertyDescriptors || {});","","  var composeImplementation = isFunction(Stamp.compose) ? Stamp.compose : composeFunction;","  Stamp.compose = function _compose() {","    var args = [], len = arguments.length;","    while ( len-- ) args[ len ] = arguments[ len ];","","    return composeImplementation.apply(this, args);","  };","  assign(Stamp.compose, descriptor);","","  return Stamp;","}","","/**"," * Mutates the dstDescriptor by merging the srcComposable data into it."," * @param {Descriptor} dstDescriptor The descriptor object to merge into."," * @param {Composable} [srcComposable] The composable"," * (either descriptor or stamp) to merge data form."," * @returns {Descriptor} Returns the dstDescriptor argument."," */","function mergeComposable(dstDescriptor, srcComposable) {","  var srcDescriptor = (srcComposable && srcComposable.compose) || srcComposable;","  if (!isObject(srcDescriptor)) { return dstDescriptor; }","","  mergeAssign(dstDescriptor, srcDescriptor, 'methods');","  mergeAssign(dstDescriptor, srcDescriptor, 'properties');","  deepMergeAssign(dstDescriptor, srcDescriptor, 'deepProperties');","  mergeAssign(dstDescriptor, srcDescriptor, 'propertyDescriptors');","  mergeAssign(dstDescriptor, srcDescriptor, 'staticProperties');","  deepMergeAssign(dstDescriptor, srcDescriptor, 'staticDeepProperties');","  mergeAssign(dstDescriptor, srcDescriptor, 'staticPropertyDescriptors');","  mergeAssign(dstDescriptor, srcDescriptor, 'configuration');","  deepMergeAssign(dstDescriptor, srcDescriptor, 'deepConfiguration');","  concatAssignFunctions(dstDescriptor, srcDescriptor.initializers, 'initializers');","","  return dstDescriptor;","}","","/**"," * Given the list of composables (stamp descriptors and stamps) returns"," * a new stamp (composable factory function)."," * @typedef {Function} Compose"," * @param {...(Composable)} [composables] The list of composables."," * @returns {Stamp} A new stamp (aka composable factory function)"," */","function compose() {","  var composables = [], len = arguments.length;","  while ( len-- ) composables[ len ] = arguments[ len ];","","  var descriptor = [this]","    .concat(composables)","    .filter(isObject)","    .reduce(mergeComposable, {});","  return createStamp(descriptor, compose);","}","","","/**"," * The Stamp Descriptor"," * @typedef {Function|Object} Descriptor"," * @returns {Stamp} A new stamp based on this Stamp"," * @property {Object} [methods] Methods or other data used as object instances' prototype"," * @property {Array<Function>} [initializers] List of initializers called for each object instance"," * @property {Object} [properties] Shallow assigned properties of object instances"," * @property {Object} [deepProperties] Deeply merged properties of object instances"," * @property {Object} [staticProperties] Shallow assigned properties of Stamps"," * @property {Object} [staticDeepProperties] Deeply merged properties of Stamps"," * @property {Object} [configuration] Shallow assigned properties of Stamp arbitrary metadata"," * @property {Object} [deepConfiguration] Deeply merged properties of Stamp arbitrary metadata"," * @property {Object} [propertyDescriptors] ES5 Property Descriptors applied to object instances"," * @property {Object} [staticPropertyDescriptors] ES5 Property Descriptors applied to Stamps"," */","","/**"," * The Stamp factory function"," * @typedef {Function} Stamp"," * @returns {*} Instantiated object"," * @property {Descriptor} compose - The Stamp descriptor and composition function"," */","","/**"," * A composable object - stamp or descriptor"," * @typedef {Stamp|Descriptor} Composable"," */","","exports['default'] = compose;","module.exports = exports['default'];","//# sourceMappingURL=compose.js.map",""],"l":{"3":1,"5":1,"6":0,"7":0,"10":1,"11":0,"14":1,"15":1,"17":1,"18":0,"25":1,"26":0,"28":0,"29":0,"30":0,"31":0,"32":0,"33":0,"34":0,"40":1,"41":0,"42":0,"43":0,"46":1,"47":0,"49":1,"50":0,"60":1,"61":0,"65":0,"69":0,"72":0,"74":0,"75":0,"76":0,"78":0,"80":0,"81":0,"83":0,"86":0,"90":0,"93":1,"94":0,"95":0,"97":0,"105":1,"106":0,"107":0,"108":0,"111":0,"113":0,"114":0,"115":0,"117":0,"119":0,"120":0,"121":0,"122":0,"123":0,"124":0,"125":0,"127":0,"131":0,"141":1,"142":0,"144":0,"145":0,"146":0,"148":0,"149":0,"150":0,"151":0,"153":0,"155":0,"157":0,"167":1,"168":0,"169":0,"171":0,"172":0,"173":0,"174":0,"175":0,"176":0,"177":0,"178":0,"179":0,"180":0,"182":0,"192":1,"193":0,"194":0,"196":0,"200":0,"232":1,"233":1}},"/home/travis/build/npmtest/node-npmtest-stampit/node_modules/stampit/isComposable.js":{"path":"/home/travis/build/npmtest/node-npmtest-stampit/node_modules/stampit/isComposable.js","s":{"1":1,"2":1,"3":0,"4":0,"5":1,"6":1},"b":{"1":[0,0,0]},"f":{"1":0},"fnMap":{"1":{"name":"isObject$1","line":5,"loc":{"start":{"line":5,"column":0},"end":{"line":5,"column":25}}}},"statementMap":{"1":{"start":{"line":3,"column":0},"end":{"line":3,"column":62}},"2":{"start":{"line":5,"column":0},"end":{"line":8,"column":1}},"3":{"start":{"line":6,"column":2},"end":{"line":6,"column":24}},"4":{"start":{"line":7,"column":2},"end":{"line":7,"column":61}},"5":{"start":{"line":10,"column":0},"end":{"line":10,"column":32}},"6":{"start":{"line":11,"column":0},"end":{"line":11,"column":36}}},"branchMap":{"1":{"line":7,"type":"binary-expr","locations":[{"start":{"line":7,"column":9},"end":{"line":7,"column":14}},{"start":{"line":7,"column":19},"end":{"line":7,"column":36}},{"start":{"line":7,"column":40},"end":{"line":7,"column":59}}]}},"code":["'use strict';","","Object.defineProperty(exports, '__esModule', { value: true });","","function isObject$1(obj) {","  var type = typeof obj;","  return !!obj && (type === 'object' || type === 'function');","}","","exports['default'] = isObject$1;","module.exports = exports['default'];","//# sourceMappingURL=isComposable.js.map",""],"l":{"3":1,"5":1,"6":0,"7":0,"10":1,"11":1}},"/home/travis/build/npmtest/node-npmtest-stampit/node_modules/stampit/isStamp.js":{"path":"/home/travis/build/npmtest/node-npmtest-stampit/node_modules/stampit/isStamp.js","s":{"1":1,"2":1,"3":0,"4":1,"5":0,"6":1,"7":1},"b":{"1":[0,0]},"f":{"1":0,"2":0},"fnMap":{"1":{"name":"isFunction","line":5,"loc":{"start":{"line":5,"column":0},"end":{"line":5,"column":25}}},"2":{"name":"isStamp","line":14,"loc":{"start":{"line":14,"column":0},"end":{"line":14,"column":22}}}},"statementMap":{"1":{"start":{"line":3,"column":0},"end":{"line":3,"column":62}},"2":{"start":{"line":5,"column":0},"end":{"line":7,"column":1}},"3":{"start":{"line":6,"column":2},"end":{"line":6,"column":35}},"4":{"start":{"line":14,"column":0},"end":{"line":16,"column":1}},"5":{"start":{"line":15,"column":2},"end":{"line":15,"column":52}},"6":{"start":{"line":18,"column":0},"end":{"line":18,"column":29}},"7":{"start":{"line":19,"column":0},"end":{"line":19,"column":36}}},"branchMap":{"1":{"line":15,"type":"binary-expr","locations":[{"start":{"line":15,"column":9},"end":{"line":15,"column":24}},{"start":{"line":15,"column":28},"end":{"line":15,"column":51}}]}},"code":["'use strict';","","Object.defineProperty(exports, '__esModule', { value: true });","","function isFunction(obj) {","  return typeof obj === 'function';","}","","/**"," * Returns true if argument is a stamp."," * @param {*} obj"," * @returns {Boolean}"," */","function isStamp(obj) {","  return isFunction(obj) && isFunction(obj.compose);","}","","exports['default'] = isStamp;","module.exports = exports['default'];","//# sourceMappingURL=isStamp.js.map",""],"l":{"3":1,"5":1,"6":0,"14":1,"15":0,"18":1,"19":1}}}